2018-05-03 19:58:56,077 ERROR com.klugesoftware.farmamanager.db.ImportazioniDAO [JavaFX Application Thread] ImportazioneDAO: Nuovo record importazione...
com.mysql.jdbc.exceptions.jdbc4.CommunicationsException: Communications link failure

The last packet sent successfully to the server was 0 milliseconds ago. The driver has not received any packets from the server.
	at java.base/jdk.internal.reflect.NativeConstructorAccessorImpl.newInstance0(Native Method) ~[?:?]
	at java.base/jdk.internal.reflect.NativeConstructorAccessorImpl.newInstance(NativeConstructorAccessorImpl.java:62) ~[?:?]
	at java.base/jdk.internal.reflect.DelegatingConstructorAccessorImpl.newInstance(DelegatingConstructorAccessorImpl.java:45) ~[?:?]
	at java.base/java.lang.reflect.Constructor.newInstance(Constructor.java:488) ~[?:?]
	at com.mysql.jdbc.Util.handleNewInstance(Util.java:411) ~[mysql-connector-java-5.1.24-bin.jar:?]
	at com.mysql.jdbc.SQLError.createCommunicationsException(SQLError.java:1121) ~[mysql-connector-java-5.1.24-bin.jar:?]
	at com.mysql.jdbc.MysqlIO.<init>(MysqlIO.java:355) ~[mysql-connector-java-5.1.24-bin.jar:?]
	at com.mysql.jdbc.ConnectionImpl.coreConnect(ConnectionImpl.java:2479) ~[mysql-connector-java-5.1.24-bin.jar:?]
	at com.mysql.jdbc.ConnectionImpl.connectOneTryOnly(ConnectionImpl.java:2516) ~[mysql-connector-java-5.1.24-bin.jar:?]
	at com.mysql.jdbc.ConnectionImpl.createNewIO(ConnectionImpl.java:2301) ~[mysql-connector-java-5.1.24-bin.jar:?]
	at com.mysql.jdbc.ConnectionImpl.<init>(ConnectionImpl.java:834) ~[mysql-connector-java-5.1.24-bin.jar:?]
	at com.mysql.jdbc.JDBC4Connection.<init>(JDBC4Connection.java:47) ~[mysql-connector-java-5.1.24-bin.jar:?]
	at jdk.internal.reflect.GeneratedConstructorAccessor16.newInstance(Unknown Source) ~[?:?]
	at java.base/jdk.internal.reflect.DelegatingConstructorAccessorImpl.newInstance(DelegatingConstructorAccessorImpl.java:45) ~[?:?]
	at java.base/java.lang.reflect.Constructor.newInstance(Constructor.java:488) ~[?:?]
	at com.mysql.jdbc.Util.handleNewInstance(Util.java:411) ~[mysql-connector-java-5.1.24-bin.jar:?]
	at com.mysql.jdbc.ConnectionImpl.getInstance(ConnectionImpl.java:416) ~[mysql-connector-java-5.1.24-bin.jar:?]
	at com.mysql.jdbc.NonRegisteringDriver.connect(NonRegisteringDriver.java:317) ~[mysql-connector-java-5.1.24-bin.jar:?]
	at java.sql/java.sql.DriverManager.getConnection(DriverManager.java:678) ~[java.sql:?]
	at java.sql/java.sql.DriverManager.getConnection(DriverManager.java:229) ~[java.sql:?]
	at com.klugesoftware.farmamanager.db.DriverManagerDAOFactory.getConnetcion(DriverManagerDAOFactory.java:29) ~[FarmaManagerApp/:?]
	at com.klugesoftware.farmamanager.db.ImportazioniDAO.findUltimoRecordInserito(ImportazioniDAO.java:123) ~[FarmaManagerApp/:?]
	at com.klugesoftware.farmamanager.db.ImportazioniDAOManager.findUltimoInsert(ImportazioniDAOManager.java:26) ~[FarmaManagerApp/:?]
	at com.klugesoftware.farmamanager.controller.SituazioneVenditeEProfittiController.itemList(SituazioneVenditeEProfittiController.java:167) ~[FarmaManagerApp/:?]
	at com.klugesoftware.farmamanager.controller.SituazioneVenditeEProfittiController.initialize(SituazioneVenditeEProfittiController.java:119) ~[FarmaManagerApp/:?]
	at javafx.fxml/javafx.fxml.FXMLLoader.loadImpl(FXMLLoader.java:2573) ~[javafx.fxml:?]
	at javafx.fxml/javafx.fxml.FXMLLoader.loadImpl(FXMLLoader.java:2466) ~[javafx.fxml:?]
	at javafx.fxml/javafx.fxml.FXMLLoader.load(FXMLLoader.java:2435) ~[javafx.fxml:?]
	at com.klugesoftware.farmamanager.controller.DettaglioVenditeEProfittiController.listenerEsciButton(DettaglioVenditeEProfittiController.java:149) ~[FarmaManagerApp/:?]
	at java.base/jdk.internal.reflect.NativeMethodAccessorImpl.invoke0(Native Method) ~[?:?]
	at java.base/jdk.internal.reflect.NativeMethodAccessorImpl.invoke(NativeMethodAccessorImpl.java:62) ~[?:?]
	at java.base/jdk.internal.reflect.DelegatingMethodAccessorImpl.invoke(DelegatingMethodAccessorImpl.java:43) ~[?:?]
	at java.base/java.lang.reflect.Method.invoke(Method.java:564) ~[?:?]
	at com.sun.javafx.reflect.Trampoline.invoke(MethodUtil.java:76) ~[javafx.base:?]
	at jdk.internal.reflect.GeneratedMethodAccessor2.invoke(Unknown Source) ~[?:?]
	at java.base/jdk.internal.reflect.DelegatingMethodAccessorImpl.invoke(DelegatingMethodAccessorImpl.java:43) ~[?:?]
	at java.base/java.lang.reflect.Method.invoke(Method.java:564) ~[?:?]
	at javafx.base/com.sun.javafx.reflect.MethodUtil.invoke(MethodUtil.java:275) ~[javafx.base:?]
	at javafx.fxml/com.sun.javafx.fxml.MethodHelper.invoke(MethodHelper.java:83) ~[javafx.fxml:?]
	at javafx.fxml/javafx.fxml.FXMLLoader$MethodHandler.invoke(FXMLLoader.java:1782) ~[javafx.fxml:?]
	at javafx.fxml/javafx.fxml.FXMLLoader$ControllerMethodEventHandler.handle(FXMLLoader.java:1670) ~[javafx.fxml:?]
	at javafx.base/com.sun.javafx.event.CompositeEventHandler.dispatchBubblingEvent(CompositeEventHandler.java:86) ~[javafx.base:?]
	at javafx.base/com.sun.javafx.event.EventHandlerManager.dispatchBubblingEvent(EventHandlerManager.java:238) ~[javafx.base:?]
	at javafx.base/com.sun.javafx.event.EventHandlerManager.dispatchBubblingEvent(EventHandlerManager.java:191) ~[javafx.base:?]
	at javafx.base/com.sun.javafx.event.CompositeEventDispatcher.dispatchBubblingEvent(CompositeEventDispatcher.java:59) ~[javafx.base:?]
	at javafx.base/com.sun.javafx.event.BasicEventDispatcher.dispatchEvent(BasicEventDispatcher.java:58) ~[javafx.base:?]
	at javafx.base/com.sun.javafx.event.EventDispatchChainImpl.dispatchEvent(EventDispatchChainImpl.java:114) ~[javafx.base:?]
	at javafx.base/com.sun.javafx.event.BasicEventDispatcher.dispatchEvent(BasicEventDispatcher.java:56) ~[javafx.base:?]
	at javafx.base/com.sun.javafx.event.EventDispatchChainImpl.dispatchEvent(EventDispatchChainImpl.java:114) ~[javafx.base:?]
	at javafx.base/com.sun.javafx.event.BasicEventDispatcher.dispatchEvent(BasicEventDispatcher.java:56) ~[javafx.base:?]
	at javafx.base/com.sun.javafx.event.EventDispatchChainImpl.dispatchEvent(EventDispatchChainImpl.java:114) ~[javafx.base:?]
	at javafx.base/com.sun.javafx.event.EventUtil.fireEventImpl(EventUtil.java:74) ~[javafx.base:?]
	at javafx.base/com.sun.javafx.event.EventUtil.fireEvent(EventUtil.java:49) ~[javafx.base:?]
	at javafx.base/javafx.event.Event.fireEvent(Event.java:198) ~[javafx.base:?]
	at javafx.graphics/javafx.scene.Node.fireEvent(Node.java:8863) ~[javafx.graphics:?]
	at javafx.controls/javafx.scene.control.Button.fire(Button.java:200) ~[javafx.controls:?]
	at javafx.controls/com.sun.javafx.scene.control.behavior.ButtonBehavior.mouseReleased(ButtonBehavior.java:206) ~[javafx.controls:?]
	at javafx.controls/com.sun.javafx.scene.control.inputmap.InputMap.handle(InputMap.java:274) ~[javafx.controls:?]
	at javafx.base/com.sun.javafx.event.CompositeEventHandler$NormalEventHandlerRecord.handleBubblingEvent(CompositeEventHandler.java:218) ~[javafx.base:?]
	at javafx.base/com.sun.javafx.event.CompositeEventHandler.dispatchBubblingEvent(CompositeEventHandler.java:80) ~[javafx.base:?]
	at javafx.base/com.sun.javafx.event.EventHandlerManager.dispatchBubblingEvent(EventHandlerManager.java:238) ~[javafx.base:?]
	at javafx.base/com.sun.javafx.event.EventHandlerManager.dispatchBubblingEvent(EventHandlerManager.java:191) ~[javafx.base:?]
	at javafx.base/com.sun.javafx.event.CompositeEventDispatcher.dispatchBubblingEvent(CompositeEventDispatcher.java:59) ~[javafx.base:?]
	at javafx.base/com.sun.javafx.event.BasicEventDispatcher.dispatchEvent(BasicEventDispatcher.java:58) ~[javafx.base:?]
	at javafx.base/com.sun.javafx.event.EventDispatchChainImpl.dispatchEvent(EventDispatchChainImpl.java:114) ~[javafx.base:?]
	at javafx.base/com.sun.javafx.event.BasicEventDispatcher.dispatchEvent(BasicEventDispatcher.java:56) ~[javafx.base:?]
	at javafx.base/com.sun.javafx.event.EventDispatchChainImpl.dispatchEvent(EventDispatchChainImpl.java:114) ~[javafx.base:?]
	at javafx.base/com.sun.javafx.event.BasicEventDispatcher.dispatchEvent(BasicEventDispatcher.java:56) ~[javafx.base:?]
	at javafx.base/com.sun.javafx.event.EventDispatchChainImpl.dispatchEvent(EventDispatchChainImpl.java:114) ~[javafx.base:?]
	at javafx.base/com.sun.javafx.event.EventUtil.fireEventImpl(EventUtil.java:74) ~[javafx.base:?]
	at javafx.base/com.sun.javafx.event.EventUtil.fireEvent(EventUtil.java:54) ~[javafx.base:?]
	at javafx.base/javafx.event.Event.fireEvent(Event.java:198) ~[javafx.base:?]
	at javafx.graphics/javafx.scene.Scene$MouseHandler.process(Scene.java:3876) ~[javafx.graphics:?]
	at javafx.graphics/javafx.scene.Scene$MouseHandler.access$1300(Scene.java:3604) ~[javafx.graphics:?]
	at javafx.graphics/javafx.scene.Scene.processMouseEvent(Scene.java:1874) ~[javafx.graphics:?]
	at javafx.graphics/javafx.scene.Scene$ScenePeerListener.mouseEvent(Scene.java:2613) ~[javafx.graphics:?]
	at javafx.graphics/com.sun.javafx.tk.quantum.GlassViewEventHandler$MouseEventNotification.run(GlassViewEventHandler.java:397) ~[javafx.graphics:?]
	at javafx.graphics/com.sun.javafx.tk.quantum.GlassViewEventHandler$MouseEventNotification.run(GlassViewEventHandler.java:295) ~[javafx.graphics:?]
	at java.base/java.security.AccessController.doPrivileged(Native Method) ~[?:?]
	at javafx.graphics/com.sun.javafx.tk.quantum.GlassViewEventHandler.lambda$handleMouseEvent$2(GlassViewEventHandler.java:434) ~[javafx.graphics:?]
	at javafx.graphics/com.sun.javafx.tk.quantum.QuantumToolkit.runWithoutRenderLock(QuantumToolkit.java:389) [javafx.graphics:?]
	at javafx.graphics/com.sun.javafx.tk.quantum.GlassViewEventHandler.handleMouseEvent(GlassViewEventHandler.java:433) [javafx.graphics:?]
	at javafx.graphics/com.sun.glass.ui.View.handleMouseEvent(View.java:556) [javafx.graphics:?]
	at javafx.graphics/com.sun.glass.ui.View.notifyMouse(View.java:942) [javafx.graphics:?]
	at javafx.graphics/com.sun.glass.ui.mac.MacView.notifyMouse(MacView.java:127) [javafx.graphics:?]
Caused by: java.net.ConnectException: Connection refused (Connection refused)
	at java.base/java.net.PlainSocketImpl.socketConnect(Native Method) ~[?:?]
	at java.base/java.net.AbstractPlainSocketImpl.doConnect(AbstractPlainSocketImpl.java:400) ~[?:?]
	at java.base/java.net.AbstractPlainSocketImpl.connectToAddress(AbstractPlainSocketImpl.java:243) ~[?:?]
	at java.base/java.net.AbstractPlainSocketImpl.connect(AbstractPlainSocketImpl.java:225) ~[?:?]
	at java.base/java.net.SocksSocketImpl.connect(SocksSocketImpl.java:402) ~[?:?]
	at java.base/java.net.Socket.connect(Socket.java:591) ~[?:?]
	at java.base/java.net.Socket.connect(Socket.java:540) ~[?:?]
	at java.base/java.net.Socket.<init>(Socket.java:436) ~[?:?]
	at java.base/java.net.Socket.<init>(Socket.java:246) ~[?:?]
	at com.mysql.jdbc.StandardSocketFactory.connect(StandardSocketFactory.java:259) ~[mysql-connector-java-5.1.24-bin.jar:?]
	at com.mysql.jdbc.MysqlIO.<init>(MysqlIO.java:305) ~[mysql-connector-java-5.1.24-bin.jar:?]
	... 78 more
2018-05-03 19:58:58,980 ERROR com.klugesoftware.farmamanager.db.ImportazioniDAO [JavaFX Application Thread] ImportazioneDAO: Nuovo record importazione...
com.mysql.jdbc.exceptions.jdbc4.CommunicationsException: Communications link failure

The last packet sent successfully to the server was 0 milliseconds ago. The driver has not received any packets from the server.
	at java.base/jdk.internal.reflect.NativeConstructorAccessorImpl.newInstance0(Native Method) ~[?:?]
	at java.base/jdk.internal.reflect.NativeConstructorAccessorImpl.newInstance(NativeConstructorAccessorImpl.java:62) ~[?:?]
	at java.base/jdk.internal.reflect.DelegatingConstructorAccessorImpl.newInstance(DelegatingConstructorAccessorImpl.java:45) ~[?:?]
	at java.base/java.lang.reflect.Constructor.newInstance(Constructor.java:488) ~[?:?]
	at com.mysql.jdbc.Util.handleNewInstance(Util.java:411) ~[mysql-connector-java-5.1.24-bin.jar:?]
	at com.mysql.jdbc.SQLError.createCommunicationsException(SQLError.java:1121) ~[mysql-connector-java-5.1.24-bin.jar:?]
	at com.mysql.jdbc.MysqlIO.<init>(MysqlIO.java:355) ~[mysql-connector-java-5.1.24-bin.jar:?]
	at com.mysql.jdbc.ConnectionImpl.coreConnect(ConnectionImpl.java:2479) ~[mysql-connector-java-5.1.24-bin.jar:?]
	at com.mysql.jdbc.ConnectionImpl.connectOneTryOnly(ConnectionImpl.java:2516) ~[mysql-connector-java-5.1.24-bin.jar:?]
	at com.mysql.jdbc.ConnectionImpl.createNewIO(ConnectionImpl.java:2301) ~[mysql-connector-java-5.1.24-bin.jar:?]
	at com.mysql.jdbc.ConnectionImpl.<init>(ConnectionImpl.java:834) ~[mysql-connector-java-5.1.24-bin.jar:?]
	at com.mysql.jdbc.JDBC4Connection.<init>(JDBC4Connection.java:47) ~[mysql-connector-java-5.1.24-bin.jar:?]
	at jdk.internal.reflect.GeneratedConstructorAccessor16.newInstance(Unknown Source) ~[?:?]
	at java.base/jdk.internal.reflect.DelegatingConstructorAccessorImpl.newInstance(DelegatingConstructorAccessorImpl.java:45) ~[?:?]
	at java.base/java.lang.reflect.Constructor.newInstance(Constructor.java:488) ~[?:?]
	at com.mysql.jdbc.Util.handleNewInstance(Util.java:411) ~[mysql-connector-java-5.1.24-bin.jar:?]
	at com.mysql.jdbc.ConnectionImpl.getInstance(ConnectionImpl.java:416) ~[mysql-connector-java-5.1.24-bin.jar:?]
	at com.mysql.jdbc.NonRegisteringDriver.connect(NonRegisteringDriver.java:317) ~[mysql-connector-java-5.1.24-bin.jar:?]
	at java.sql/java.sql.DriverManager.getConnection(DriverManager.java:678) ~[java.sql:?]
	at java.sql/java.sql.DriverManager.getConnection(DriverManager.java:229) ~[java.sql:?]
	at com.klugesoftware.farmamanager.db.DriverManagerDAOFactory.getConnetcion(DriverManagerDAOFactory.java:29) ~[FarmaManagerApp/:?]
	at com.klugesoftware.farmamanager.db.ImportazioniDAO.findUltimoRecordInserito(ImportazioniDAO.java:123) ~[FarmaManagerApp/:?]
	at com.klugesoftware.farmamanager.db.ImportazioniDAOManager.findUltimoInsert(ImportazioniDAOManager.java:26) ~[FarmaManagerApp/:?]
	at com.klugesoftware.farmamanager.controller.SituazioneVenditeEProfittiController.itemList(SituazioneVenditeEProfittiController.java:167) ~[FarmaManagerApp/:?]
	at com.klugesoftware.farmamanager.controller.SituazioneVenditeEProfittiController.initialize(SituazioneVenditeEProfittiController.java:119) ~[FarmaManagerApp/:?]
	at javafx.fxml/javafx.fxml.FXMLLoader.loadImpl(FXMLLoader.java:2573) ~[javafx.fxml:?]
	at javafx.fxml/javafx.fxml.FXMLLoader.loadImpl(FXMLLoader.java:2466) ~[javafx.fxml:?]
	at javafx.fxml/javafx.fxml.FXMLLoader.load(FXMLLoader.java:2435) ~[javafx.fxml:?]
	at com.klugesoftware.farmamanager.controller.DettaglioVenditeEProfittiController.listenerEsciButton(DettaglioVenditeEProfittiController.java:149) ~[FarmaManagerApp/:?]
	at java.base/jdk.internal.reflect.NativeMethodAccessorImpl.invoke0(Native Method) ~[?:?]
	at java.base/jdk.internal.reflect.NativeMethodAccessorImpl.invoke(NativeMethodAccessorImpl.java:62) ~[?:?]
	at java.base/jdk.internal.reflect.DelegatingMethodAccessorImpl.invoke(DelegatingMethodAccessorImpl.java:43) ~[?:?]
	at java.base/java.lang.reflect.Method.invoke(Method.java:564) ~[?:?]
	at com.sun.javafx.reflect.Trampoline.invoke(MethodUtil.java:76) ~[javafx.base:?]
	at jdk.internal.reflect.GeneratedMethodAccessor2.invoke(Unknown Source) ~[?:?]
	at java.base/jdk.internal.reflect.DelegatingMethodAccessorImpl.invoke(DelegatingMethodAccessorImpl.java:43) ~[?:?]
	at java.base/java.lang.reflect.Method.invoke(Method.java:564) ~[?:?]
	at javafx.base/com.sun.javafx.reflect.MethodUtil.invoke(MethodUtil.java:275) ~[javafx.base:?]
	at javafx.fxml/com.sun.javafx.fxml.MethodHelper.invoke(MethodHelper.java:83) ~[javafx.fxml:?]
	at javafx.fxml/javafx.fxml.FXMLLoader$MethodHandler.invoke(FXMLLoader.java:1782) ~[javafx.fxml:?]
	at javafx.fxml/javafx.fxml.FXMLLoader$ControllerMethodEventHandler.handle(FXMLLoader.java:1670) ~[javafx.fxml:?]
	at javafx.base/com.sun.javafx.event.CompositeEventHandler.dispatchBubblingEvent(CompositeEventHandler.java:86) ~[javafx.base:?]
	at javafx.base/com.sun.javafx.event.EventHandlerManager.dispatchBubblingEvent(EventHandlerManager.java:238) ~[javafx.base:?]
	at javafx.base/com.sun.javafx.event.EventHandlerManager.dispatchBubblingEvent(EventHandlerManager.java:191) ~[javafx.base:?]
	at javafx.base/com.sun.javafx.event.CompositeEventDispatcher.dispatchBubblingEvent(CompositeEventDispatcher.java:59) ~[javafx.base:?]
	at javafx.base/com.sun.javafx.event.BasicEventDispatcher.dispatchEvent(BasicEventDispatcher.java:58) ~[javafx.base:?]
	at javafx.base/com.sun.javafx.event.EventDispatchChainImpl.dispatchEvent(EventDispatchChainImpl.java:114) ~[javafx.base:?]
	at javafx.base/com.sun.javafx.event.BasicEventDispatcher.dispatchEvent(BasicEventDispatcher.java:56) ~[javafx.base:?]
	at javafx.base/com.sun.javafx.event.EventDispatchChainImpl.dispatchEvent(EventDispatchChainImpl.java:114) ~[javafx.base:?]
	at javafx.base/com.sun.javafx.event.BasicEventDispatcher.dispatchEvent(BasicEventDispatcher.java:56) ~[javafx.base:?]
	at javafx.base/com.sun.javafx.event.EventDispatchChainImpl.dispatchEvent(EventDispatchChainImpl.java:114) ~[javafx.base:?]
	at javafx.base/com.sun.javafx.event.EventUtil.fireEventImpl(EventUtil.java:74) ~[javafx.base:?]
	at javafx.base/com.sun.javafx.event.EventUtil.fireEvent(EventUtil.java:49) ~[javafx.base:?]
	at javafx.base/javafx.event.Event.fireEvent(Event.java:198) ~[javafx.base:?]
	at javafx.graphics/javafx.scene.Node.fireEvent(Node.java:8863) ~[javafx.graphics:?]
	at javafx.controls/javafx.scene.control.Button.fire(Button.java:200) ~[javafx.controls:?]
	at javafx.controls/com.sun.javafx.scene.control.behavior.ButtonBehavior.mouseReleased(ButtonBehavior.java:206) ~[javafx.controls:?]
	at javafx.controls/com.sun.javafx.scene.control.inputmap.InputMap.handle(InputMap.java:274) ~[javafx.controls:?]
	at javafx.base/com.sun.javafx.event.CompositeEventHandler$NormalEventHandlerRecord.handleBubblingEvent(CompositeEventHandler.java:218) ~[javafx.base:?]
	at javafx.base/com.sun.javafx.event.CompositeEventHandler.dispatchBubblingEvent(CompositeEventHandler.java:80) ~[javafx.base:?]
	at javafx.base/com.sun.javafx.event.EventHandlerManager.dispatchBubblingEvent(EventHandlerManager.java:238) ~[javafx.base:?]
	at javafx.base/com.sun.javafx.event.EventHandlerManager.dispatchBubblingEvent(EventHandlerManager.java:191) ~[javafx.base:?]
	at javafx.base/com.sun.javafx.event.CompositeEventDispatcher.dispatchBubblingEvent(CompositeEventDispatcher.java:59) ~[javafx.base:?]
	at javafx.base/com.sun.javafx.event.BasicEventDispatcher.dispatchEvent(BasicEventDispatcher.java:58) ~[javafx.base:?]
	at javafx.base/com.sun.javafx.event.EventDispatchChainImpl.dispatchEvent(EventDispatchChainImpl.java:114) ~[javafx.base:?]
	at javafx.base/com.sun.javafx.event.BasicEventDispatcher.dispatchEvent(BasicEventDispatcher.java:56) ~[javafx.base:?]
	at javafx.base/com.sun.javafx.event.EventDispatchChainImpl.dispatchEvent(EventDispatchChainImpl.java:114) ~[javafx.base:?]
	at javafx.base/com.sun.javafx.event.BasicEventDispatcher.dispatchEvent(BasicEventDispatcher.java:56) ~[javafx.base:?]
	at javafx.base/com.sun.javafx.event.EventDispatchChainImpl.dispatchEvent(EventDispatchChainImpl.java:114) ~[javafx.base:?]
	at javafx.base/com.sun.javafx.event.EventUtil.fireEventImpl(EventUtil.java:74) ~[javafx.base:?]
	at javafx.base/com.sun.javafx.event.EventUtil.fireEvent(EventUtil.java:54) ~[javafx.base:?]
	at javafx.base/javafx.event.Event.fireEvent(Event.java:198) ~[javafx.base:?]
	at javafx.graphics/javafx.scene.Scene$MouseHandler.process(Scene.java:3876) ~[javafx.graphics:?]
	at javafx.graphics/javafx.scene.Scene$MouseHandler.access$1300(Scene.java:3604) ~[javafx.graphics:?]
	at javafx.graphics/javafx.scene.Scene.processMouseEvent(Scene.java:1874) ~[javafx.graphics:?]
	at javafx.graphics/javafx.scene.Scene$ScenePeerListener.mouseEvent(Scene.java:2613) ~[javafx.graphics:?]
	at javafx.graphics/com.sun.javafx.tk.quantum.GlassViewEventHandler$MouseEventNotification.run(GlassViewEventHandler.java:397) ~[javafx.graphics:?]
	at javafx.graphics/com.sun.javafx.tk.quantum.GlassViewEventHandler$MouseEventNotification.run(GlassViewEventHandler.java:295) ~[javafx.graphics:?]
	at java.base/java.security.AccessController.doPrivileged(Native Method) ~[?:?]
	at javafx.graphics/com.sun.javafx.tk.quantum.GlassViewEventHandler.lambda$handleMouseEvent$2(GlassViewEventHandler.java:434) ~[javafx.graphics:?]
	at javafx.graphics/com.sun.javafx.tk.quantum.QuantumToolkit.runWithoutRenderLock(QuantumToolkit.java:389) [javafx.graphics:?]
	at javafx.graphics/com.sun.javafx.tk.quantum.GlassViewEventHandler.handleMouseEvent(GlassViewEventHandler.java:433) [javafx.graphics:?]
	at javafx.graphics/com.sun.glass.ui.View.handleMouseEvent(View.java:556) [javafx.graphics:?]
	at javafx.graphics/com.sun.glass.ui.View.notifyMouse(View.java:942) [javafx.graphics:?]
	at javafx.graphics/com.sun.glass.ui.mac.MacView.notifyMouse(MacView.java:127) [javafx.graphics:?]
Caused by: java.net.ConnectException: Connection refused (Connection refused)
	at java.base/java.net.PlainSocketImpl.socketConnect(Native Method) ~[?:?]
	at java.base/java.net.AbstractPlainSocketImpl.doConnect(AbstractPlainSocketImpl.java:400) ~[?:?]
	at java.base/java.net.AbstractPlainSocketImpl.connectToAddress(AbstractPlainSocketImpl.java:243) ~[?:?]
	at java.base/java.net.AbstractPlainSocketImpl.connect(AbstractPlainSocketImpl.java:225) ~[?:?]
	at java.base/java.net.SocksSocketImpl.connect(SocksSocketImpl.java:402) ~[?:?]
	at java.base/java.net.Socket.connect(Socket.java:591) ~[?:?]
	at java.base/java.net.Socket.connect(Socket.java:540) ~[?:?]
	at java.base/java.net.Socket.<init>(Socket.java:436) ~[?:?]
	at java.base/java.net.Socket.<init>(Socket.java:246) ~[?:?]
	at com.mysql.jdbc.StandardSocketFactory.connect(StandardSocketFactory.java:259) ~[mysql-connector-java-5.1.24-bin.jar:?]
	at com.mysql.jdbc.MysqlIO.<init>(MysqlIO.java:305) ~[mysql-connector-java-5.1.24-bin.jar:?]
	... 78 more
2018-05-03 19:59:01,081 ERROR com.klugesoftware.farmamanager.db.ImportazioniDAO [JavaFX Application Thread] ImportazioneDAO: Nuovo record importazione...
com.mysql.jdbc.exceptions.jdbc4.CommunicationsException: Communications link failure

The last packet sent successfully to the server was 0 milliseconds ago. The driver has not received any packets from the server.
	at java.base/jdk.internal.reflect.NativeConstructorAccessorImpl.newInstance0(Native Method) ~[?:?]
	at java.base/jdk.internal.reflect.NativeConstructorAccessorImpl.newInstance(NativeConstructorAccessorImpl.java:62) ~[?:?]
	at java.base/jdk.internal.reflect.DelegatingConstructorAccessorImpl.newInstance(DelegatingConstructorAccessorImpl.java:45) ~[?:?]
	at java.base/java.lang.reflect.Constructor.newInstance(Constructor.java:488) ~[?:?]
	at com.mysql.jdbc.Util.handleNewInstance(Util.java:411) ~[mysql-connector-java-5.1.24-bin.jar:?]
	at com.mysql.jdbc.SQLError.createCommunicationsException(SQLError.java:1121) ~[mysql-connector-java-5.1.24-bin.jar:?]
	at com.mysql.jdbc.MysqlIO.<init>(MysqlIO.java:355) ~[mysql-connector-java-5.1.24-bin.jar:?]
	at com.mysql.jdbc.ConnectionImpl.coreConnect(ConnectionImpl.java:2479) ~[mysql-connector-java-5.1.24-bin.jar:?]
	at com.mysql.jdbc.ConnectionImpl.connectOneTryOnly(ConnectionImpl.java:2516) ~[mysql-connector-java-5.1.24-bin.jar:?]
	at com.mysql.jdbc.ConnectionImpl.createNewIO(ConnectionImpl.java:2301) ~[mysql-connector-java-5.1.24-bin.jar:?]
	at com.mysql.jdbc.ConnectionImpl.<init>(ConnectionImpl.java:834) ~[mysql-connector-java-5.1.24-bin.jar:?]
	at com.mysql.jdbc.JDBC4Connection.<init>(JDBC4Connection.java:47) ~[mysql-connector-java-5.1.24-bin.jar:?]
	at jdk.internal.reflect.GeneratedConstructorAccessor16.newInstance(Unknown Source) ~[?:?]
	at java.base/jdk.internal.reflect.DelegatingConstructorAccessorImpl.newInstance(DelegatingConstructorAccessorImpl.java:45) ~[?:?]
	at java.base/java.lang.reflect.Constructor.newInstance(Constructor.java:488) ~[?:?]
	at com.mysql.jdbc.Util.handleNewInstance(Util.java:411) ~[mysql-connector-java-5.1.24-bin.jar:?]
	at com.mysql.jdbc.ConnectionImpl.getInstance(ConnectionImpl.java:416) ~[mysql-connector-java-5.1.24-bin.jar:?]
	at com.mysql.jdbc.NonRegisteringDriver.connect(NonRegisteringDriver.java:317) ~[mysql-connector-java-5.1.24-bin.jar:?]
	at java.sql/java.sql.DriverManager.getConnection(DriverManager.java:678) ~[java.sql:?]
	at java.sql/java.sql.DriverManager.getConnection(DriverManager.java:229) ~[java.sql:?]
	at com.klugesoftware.farmamanager.db.DriverManagerDAOFactory.getConnetcion(DriverManagerDAOFactory.java:29) ~[FarmaManagerApp/:?]
	at com.klugesoftware.farmamanager.db.ImportazioniDAO.findUltimoRecordInserito(ImportazioniDAO.java:123) ~[FarmaManagerApp/:?]
	at com.klugesoftware.farmamanager.db.ImportazioniDAOManager.findUltimoInsert(ImportazioniDAOManager.java:26) ~[FarmaManagerApp/:?]
	at com.klugesoftware.farmamanager.controller.SituazioneVenditeEProfittiController.itemList(SituazioneVenditeEProfittiController.java:167) ~[FarmaManagerApp/:?]
	at com.klugesoftware.farmamanager.controller.SituazioneVenditeEProfittiController.initialize(SituazioneVenditeEProfittiController.java:119) ~[FarmaManagerApp/:?]
	at javafx.fxml/javafx.fxml.FXMLLoader.loadImpl(FXMLLoader.java:2573) ~[javafx.fxml:?]
	at javafx.fxml/javafx.fxml.FXMLLoader.loadImpl(FXMLLoader.java:2466) ~[javafx.fxml:?]
	at javafx.fxml/javafx.fxml.FXMLLoader.load(FXMLLoader.java:2435) ~[javafx.fxml:?]
	at com.klugesoftware.farmamanager.controller.DettaglioVenditeEProfittiController.listenerEsciButton(DettaglioVenditeEProfittiController.java:149) ~[FarmaManagerApp/:?]
	at java.base/jdk.internal.reflect.NativeMethodAccessorImpl.invoke0(Native Method) ~[?:?]
	at java.base/jdk.internal.reflect.NativeMethodAccessorImpl.invoke(NativeMethodAccessorImpl.java:62) ~[?:?]
	at java.base/jdk.internal.reflect.DelegatingMethodAccessorImpl.invoke(DelegatingMethodAccessorImpl.java:43) ~[?:?]
	at java.base/java.lang.reflect.Method.invoke(Method.java:564) ~[?:?]
	at com.sun.javafx.reflect.Trampoline.invoke(MethodUtil.java:76) ~[javafx.base:?]
	at jdk.internal.reflect.GeneratedMethodAccessor2.invoke(Unknown Source) ~[?:?]
	at java.base/jdk.internal.reflect.DelegatingMethodAccessorImpl.invoke(DelegatingMethodAccessorImpl.java:43) ~[?:?]
	at java.base/java.lang.reflect.Method.invoke(Method.java:564) ~[?:?]
	at javafx.base/com.sun.javafx.reflect.MethodUtil.invoke(MethodUtil.java:275) ~[javafx.base:?]
	at javafx.fxml/com.sun.javafx.fxml.MethodHelper.invoke(MethodHelper.java:83) ~[javafx.fxml:?]
	at javafx.fxml/javafx.fxml.FXMLLoader$MethodHandler.invoke(FXMLLoader.java:1782) ~[javafx.fxml:?]
	at javafx.fxml/javafx.fxml.FXMLLoader$ControllerMethodEventHandler.handle(FXMLLoader.java:1670) ~[javafx.fxml:?]
	at javafx.base/com.sun.javafx.event.CompositeEventHandler.dispatchBubblingEvent(CompositeEventHandler.java:86) ~[javafx.base:?]
	at javafx.base/com.sun.javafx.event.EventHandlerManager.dispatchBubblingEvent(EventHandlerManager.java:238) ~[javafx.base:?]
	at javafx.base/com.sun.javafx.event.EventHandlerManager.dispatchBubblingEvent(EventHandlerManager.java:191) ~[javafx.base:?]
	at javafx.base/com.sun.javafx.event.CompositeEventDispatcher.dispatchBubblingEvent(CompositeEventDispatcher.java:59) ~[javafx.base:?]
	at javafx.base/com.sun.javafx.event.BasicEventDispatcher.dispatchEvent(BasicEventDispatcher.java:58) ~[javafx.base:?]
	at javafx.base/com.sun.javafx.event.EventDispatchChainImpl.dispatchEvent(EventDispatchChainImpl.java:114) ~[javafx.base:?]
	at javafx.base/com.sun.javafx.event.BasicEventDispatcher.dispatchEvent(BasicEventDispatcher.java:56) ~[javafx.base:?]
	at javafx.base/com.sun.javafx.event.EventDispatchChainImpl.dispatchEvent(EventDispatchChainImpl.java:114) ~[javafx.base:?]
	at javafx.base/com.sun.javafx.event.BasicEventDispatcher.dispatchEvent(BasicEventDispatcher.java:56) ~[javafx.base:?]
	at javafx.base/com.sun.javafx.event.EventDispatchChainImpl.dispatchEvent(EventDispatchChainImpl.java:114) ~[javafx.base:?]
	at javafx.base/com.sun.javafx.event.EventUtil.fireEventImpl(EventUtil.java:74) ~[javafx.base:?]
	at javafx.base/com.sun.javafx.event.EventUtil.fireEvent(EventUtil.java:49) ~[javafx.base:?]
	at javafx.base/javafx.event.Event.fireEvent(Event.java:198) ~[javafx.base:?]
	at javafx.graphics/javafx.scene.Node.fireEvent(Node.java:8863) ~[javafx.graphics:?]
	at javafx.controls/javafx.scene.control.Button.fire(Button.java:200) ~[javafx.controls:?]
	at javafx.controls/com.sun.javafx.scene.control.behavior.ButtonBehavior.mouseReleased(ButtonBehavior.java:206) ~[javafx.controls:?]
	at javafx.controls/com.sun.javafx.scene.control.inputmap.InputMap.handle(InputMap.java:274) ~[javafx.controls:?]
	at javafx.base/com.sun.javafx.event.CompositeEventHandler$NormalEventHandlerRecord.handleBubblingEvent(CompositeEventHandler.java:218) ~[javafx.base:?]
	at javafx.base/com.sun.javafx.event.CompositeEventHandler.dispatchBubblingEvent(CompositeEventHandler.java:80) ~[javafx.base:?]
	at javafx.base/com.sun.javafx.event.EventHandlerManager.dispatchBubblingEvent(EventHandlerManager.java:238) ~[javafx.base:?]
	at javafx.base/com.sun.javafx.event.EventHandlerManager.dispatchBubblingEvent(EventHandlerManager.java:191) ~[javafx.base:?]
	at javafx.base/com.sun.javafx.event.CompositeEventDispatcher.dispatchBubblingEvent(CompositeEventDispatcher.java:59) ~[javafx.base:?]
	at javafx.base/com.sun.javafx.event.BasicEventDispatcher.dispatchEvent(BasicEventDispatcher.java:58) ~[javafx.base:?]
	at javafx.base/com.sun.javafx.event.EventDispatchChainImpl.dispatchEvent(EventDispatchChainImpl.java:114) ~[javafx.base:?]
	at javafx.base/com.sun.javafx.event.BasicEventDispatcher.dispatchEvent(BasicEventDispatcher.java:56) ~[javafx.base:?]
	at javafx.base/com.sun.javafx.event.EventDispatchChainImpl.dispatchEvent(EventDispatchChainImpl.java:114) ~[javafx.base:?]
	at javafx.base/com.sun.javafx.event.BasicEventDispatcher.dispatchEvent(BasicEventDispatcher.java:56) ~[javafx.base:?]
	at javafx.base/com.sun.javafx.event.EventDispatchChainImpl.dispatchEvent(EventDispatchChainImpl.java:114) ~[javafx.base:?]
	at javafx.base/com.sun.javafx.event.EventUtil.fireEventImpl(EventUtil.java:74) ~[javafx.base:?]
	at javafx.base/com.sun.javafx.event.EventUtil.fireEvent(EventUtil.java:54) ~[javafx.base:?]
	at javafx.base/javafx.event.Event.fireEvent(Event.java:198) ~[javafx.base:?]
	at javafx.graphics/javafx.scene.Scene$MouseHandler.process(Scene.java:3876) ~[javafx.graphics:?]
	at javafx.graphics/javafx.scene.Scene$MouseHandler.access$1300(Scene.java:3604) ~[javafx.graphics:?]
	at javafx.graphics/javafx.scene.Scene.processMouseEvent(Scene.java:1874) ~[javafx.graphics:?]
	at javafx.graphics/javafx.scene.Scene$ScenePeerListener.mouseEvent(Scene.java:2613) ~[javafx.graphics:?]
	at javafx.graphics/com.sun.javafx.tk.quantum.GlassViewEventHandler$MouseEventNotification.run(GlassViewEventHandler.java:397) ~[javafx.graphics:?]
	at javafx.graphics/com.sun.javafx.tk.quantum.GlassViewEventHandler$MouseEventNotification.run(GlassViewEventHandler.java:295) ~[javafx.graphics:?]
	at java.base/java.security.AccessController.doPrivileged(Native Method) ~[?:?]
	at javafx.graphics/com.sun.javafx.tk.quantum.GlassViewEventHandler.lambda$handleMouseEvent$2(GlassViewEventHandler.java:434) ~[javafx.graphics:?]
	at javafx.graphics/com.sun.javafx.tk.quantum.QuantumToolkit.runWithoutRenderLock(QuantumToolkit.java:389) [javafx.graphics:?]
	at javafx.graphics/com.sun.javafx.tk.quantum.GlassViewEventHandler.handleMouseEvent(GlassViewEventHandler.java:433) [javafx.graphics:?]
	at javafx.graphics/com.sun.glass.ui.View.handleMouseEvent(View.java:556) [javafx.graphics:?]
	at javafx.graphics/com.sun.glass.ui.View.notifyMouse(View.java:942) [javafx.graphics:?]
	at javafx.graphics/com.sun.glass.ui.mac.MacView.notifyMouse(MacView.java:127) [javafx.graphics:?]
Caused by: java.net.ConnectException: Connection refused (Connection refused)
	at java.base/java.net.PlainSocketImpl.socketConnect(Native Method) ~[?:?]
	at java.base/java.net.AbstractPlainSocketImpl.doConnect(AbstractPlainSocketImpl.java:400) ~[?:?]
	at java.base/java.net.AbstractPlainSocketImpl.connectToAddress(AbstractPlainSocketImpl.java:243) ~[?:?]
	at java.base/java.net.AbstractPlainSocketImpl.connect(AbstractPlainSocketImpl.java:225) ~[?:?]
	at java.base/java.net.SocksSocketImpl.connect(SocksSocketImpl.java:402) ~[?:?]
	at java.base/java.net.Socket.connect(Socket.java:591) ~[?:?]
	at java.base/java.net.Socket.connect(Socket.java:540) ~[?:?]
	at java.base/java.net.Socket.<init>(Socket.java:436) ~[?:?]
	at java.base/java.net.Socket.<init>(Socket.java:246) ~[?:?]
	at com.mysql.jdbc.StandardSocketFactory.connect(StandardSocketFactory.java:259) ~[mysql-connector-java-5.1.24-bin.jar:?]
	at com.mysql.jdbc.MysqlIO.<init>(MysqlIO.java:305) ~[mysql-connector-java-5.1.24-bin.jar:?]
	... 78 more
2018-05-03 19:59:22,920 ERROR com.klugesoftware.farmamanager.db.ImportazioniDAO [JavaFX Application Thread] ImportazioneDAO: Nuovo record importazione...
com.mysql.jdbc.exceptions.jdbc4.CommunicationsException: Communications link failure

The last packet sent successfully to the server was 0 milliseconds ago. The driver has not received any packets from the server.
	at java.base/jdk.internal.reflect.NativeConstructorAccessorImpl.newInstance0(Native Method) ~[?:?]
	at java.base/jdk.internal.reflect.NativeConstructorAccessorImpl.newInstance(NativeConstructorAccessorImpl.java:62) ~[?:?]
	at java.base/jdk.internal.reflect.DelegatingConstructorAccessorImpl.newInstance(DelegatingConstructorAccessorImpl.java:45) ~[?:?]
	at java.base/java.lang.reflect.Constructor.newInstance(Constructor.java:488) ~[?:?]
	at com.mysql.jdbc.Util.handleNewInstance(Util.java:411) ~[mysql-connector-java-5.1.24-bin.jar:?]
	at com.mysql.jdbc.SQLError.createCommunicationsException(SQLError.java:1121) ~[mysql-connector-java-5.1.24-bin.jar:?]
	at com.mysql.jdbc.MysqlIO.<init>(MysqlIO.java:355) ~[mysql-connector-java-5.1.24-bin.jar:?]
	at com.mysql.jdbc.ConnectionImpl.coreConnect(ConnectionImpl.java:2479) ~[mysql-connector-java-5.1.24-bin.jar:?]
	at com.mysql.jdbc.ConnectionImpl.connectOneTryOnly(ConnectionImpl.java:2516) ~[mysql-connector-java-5.1.24-bin.jar:?]
	at com.mysql.jdbc.ConnectionImpl.createNewIO(ConnectionImpl.java:2301) ~[mysql-connector-java-5.1.24-bin.jar:?]
	at com.mysql.jdbc.ConnectionImpl.<init>(ConnectionImpl.java:834) ~[mysql-connector-java-5.1.24-bin.jar:?]
	at com.mysql.jdbc.JDBC4Connection.<init>(JDBC4Connection.java:47) ~[mysql-connector-java-5.1.24-bin.jar:?]
	at java.base/jdk.internal.reflect.NativeConstructorAccessorImpl.newInstance0(Native Method) ~[?:?]
	at java.base/jdk.internal.reflect.NativeConstructorAccessorImpl.newInstance(NativeConstructorAccessorImpl.java:62) ~[?:?]
	at java.base/jdk.internal.reflect.DelegatingConstructorAccessorImpl.newInstance(DelegatingConstructorAccessorImpl.java:45) ~[?:?]
	at java.base/java.lang.reflect.Constructor.newInstance(Constructor.java:488) ~[?:?]
	at com.mysql.jdbc.Util.handleNewInstance(Util.java:411) ~[mysql-connector-java-5.1.24-bin.jar:?]
	at com.mysql.jdbc.ConnectionImpl.getInstance(ConnectionImpl.java:416) ~[mysql-connector-java-5.1.24-bin.jar:?]
	at com.mysql.jdbc.NonRegisteringDriver.connect(NonRegisteringDriver.java:317) ~[mysql-connector-java-5.1.24-bin.jar:?]
	at java.sql/java.sql.DriverManager.getConnection(DriverManager.java:678) ~[java.sql:?]
	at java.sql/java.sql.DriverManager.getConnection(DriverManager.java:229) ~[java.sql:?]
	at com.klugesoftware.farmamanager.db.DriverManagerDAOFactory.getConnetcion(DriverManagerDAOFactory.java:29) ~[FarmaManagerApp/:?]
	at com.klugesoftware.farmamanager.db.ImportazioniDAO.findUltimoRecordInserito(ImportazioniDAO.java:123) ~[FarmaManagerApp/:?]
	at com.klugesoftware.farmamanager.db.ImportazioniDAOManager.findUltimoInsert(ImportazioniDAOManager.java:26) ~[FarmaManagerApp/:?]
	at com.klugesoftware.farmamanager.controller.SituazioneVenditeEProfittiController.itemList(SituazioneVenditeEProfittiController.java:167) ~[FarmaManagerApp/:?]
	at com.klugesoftware.farmamanager.controller.SituazioneVenditeEProfittiController.initialize(SituazioneVenditeEProfittiController.java:119) ~[FarmaManagerApp/:?]
	at javafx.fxml/javafx.fxml.FXMLLoader.loadImpl(FXMLLoader.java:2573) ~[javafx.fxml:?]
	at javafx.fxml/javafx.fxml.FXMLLoader.loadImpl(FXMLLoader.java:2466) ~[javafx.fxml:?]
	at javafx.fxml/javafx.fxml.FXMLLoader.loadImpl(FXMLLoader.java:3253) ~[javafx.fxml:?]
	at javafx.fxml/javafx.fxml.FXMLLoader.loadImpl(FXMLLoader.java:3210) ~[javafx.fxml:?]
	at javafx.fxml/javafx.fxml.FXMLLoader.loadImpl(FXMLLoader.java:3179) ~[javafx.fxml:?]
	at javafx.fxml/javafx.fxml.FXMLLoader.loadImpl(FXMLLoader.java:3152) ~[javafx.fxml:?]
	at javafx.fxml/javafx.fxml.FXMLLoader.loadImpl(FXMLLoader.java:3129) ~[javafx.fxml:?]
	at javafx.fxml/javafx.fxml.FXMLLoader.load(FXMLLoader.java:3122) ~[javafx.fxml:?]
	at com.klugesoftware.farmamanager.main.FarmaManagerMain.start(FarmaManagerMain.java:17) ~[FarmaManagerApp/:?]
	at javafx.graphics/com.sun.javafx.application.LauncherImpl.lambda$launchApplication1$9(LauncherImpl.java:919) ~[javafx.graphics:?]
	at javafx.graphics/com.sun.javafx.application.PlatformImpl.lambda$runAndWait$11(PlatformImpl.java:449) ~[javafx.graphics:?]
	at javafx.graphics/com.sun.javafx.application.PlatformImpl.lambda$runLater$9(PlatformImpl.java:418) ~[javafx.graphics:?]
	at java.base/java.security.AccessController.doPrivileged(Native Method) ~[?:?]
	at javafx.graphics/com.sun.javafx.application.PlatformImpl.lambda$runLater$10(PlatformImpl.java:417) ~[javafx.graphics:?]
	at javafx.graphics/com.sun.glass.ui.InvokeLaterDispatcher$Future.run(InvokeLaterDispatcher.java:96) [javafx.graphics:?]
Caused by: java.net.ConnectException: Connection refused (Connection refused)
	at java.base/java.net.PlainSocketImpl.socketConnect(Native Method) ~[?:?]
	at java.base/java.net.AbstractPlainSocketImpl.doConnect(AbstractPlainSocketImpl.java:400) ~[?:?]
	at java.base/java.net.AbstractPlainSocketImpl.connectToAddress(AbstractPlainSocketImpl.java:243) ~[?:?]
	at java.base/java.net.AbstractPlainSocketImpl.connect(AbstractPlainSocketImpl.java:225) ~[?:?]
	at java.base/java.net.SocksSocketImpl.connect(SocksSocketImpl.java:402) ~[?:?]
	at java.base/java.net.Socket.connect(Socket.java:591) ~[?:?]
	at java.base/java.net.Socket.connect(Socket.java:540) ~[?:?]
	at java.base/java.net.Socket.<init>(Socket.java:436) ~[?:?]
	at java.base/java.net.Socket.<init>(Socket.java:246) ~[?:?]
	at com.mysql.jdbc.StandardSocketFactory.connect(StandardSocketFactory.java:259) ~[mysql-connector-java-5.1.24-bin.jar:?]
	at com.mysql.jdbc.MysqlIO.<init>(MysqlIO.java:305) ~[mysql-connector-java-5.1.24-bin.jar:?]
	... 34 more
