2018-09-14 16:55:06,562 INFO com.klugesoftware.farmamanager.IOFunctions.ImportazioneGiacenzeFromDBF [pool-1-thread-1] inizio importazione giacenze
2018-09-14 16:55:59,903 INFO com.klugesoftware.farmamanager.IOFunctions.ImportazioneGiacenzeFromDBF [pool-1-thread-1] fine importazione giacenze
2018-09-14 19:45:49,788 ERROR com.klugesoftware.farmamanager.controller.HomeAnalisiDatiController [JavaFX Application Thread] Error resolving onAction='#importaClicked', either the event handler is not in the Namespace or there is an error in the script.
/Users/marcoscagliosi/Documents/IntelliJ/KlugeSoftware/FarmaManagerApp/out/production/FarmaManagerApp/com/klugesoftware/farmamanager/view/Settings.fxml:80

2018-09-14 19:45:58,776 ERROR com.klugesoftware.farmamanager.controller.HomeAnalisiDatiController [JavaFX Application Thread] Error resolving onAction='#importaClicked', either the event handler is not in the Namespace or there is an error in the script.
/Users/marcoscagliosi/Documents/IntelliJ/KlugeSoftware/FarmaManagerApp/out/production/FarmaManagerApp/com/klugesoftware/farmamanager/view/Settings.fxml:80

2018-09-14 19:46:15,175 ERROR com.klugesoftware.farmamanager.controller.HomeAnalisiDatiController [JavaFX Application Thread] Error resolving onAction='#importaClicked', either the event handler is not in the Namespace or there is an error in the script.
/Users/marcoscagliosi/Documents/IntelliJ/KlugeSoftware/FarmaManagerApp/out/production/FarmaManagerApp/com/klugesoftware/farmamanager/view/Settings.fxml:80

2018-09-14 19:46:18,055 ERROR com.klugesoftware.farmamanager.controller.HomeAnalisiDatiController [JavaFX Application Thread] Error resolving onAction='#importaClicked', either the event handler is not in the Namespace or there is an error in the script.
/Users/marcoscagliosi/Documents/IntelliJ/KlugeSoftware/FarmaManagerApp/out/production/FarmaManagerApp/com/klugesoftware/farmamanager/view/Settings.fxml:80

2018-09-14 19:48:22,472 INFO com.klugesoftware.farmamanager.IOFunctions.ImportazioneVenditeFromDBF [pool-4-thread-1] importazione movimenti da 2018-01-05 a 2018-09-13
2018-09-14 19:48:29,117 INFO com.klugesoftware.farmamanager.IOFunctions.DeleteMovimenti [pool-4-thread-1] Cancellazione movimenti dalla data: 01/01/2018 alla data: 30/09/2018
2018-09-14 19:48:29,196 WARN com.klugesoftware.farmamanager.db.VenditeDAO [pool-4-thread-1] Non è stato cancellato nessun record: DELETE FROM ResiProdottiVenditaSSN WHERE idResoVenditaSSN IN   (SELECT idResoVenditaSSN FROM ResiVenditeSSN WHERE dataResoVenditaSSN  BETWEEN ? AND ?) date: 01/01/2018-30/09/2018
2018-09-14 19:48:29,197 WARN com.klugesoftware.farmamanager.db.VenditeDAO [pool-4-thread-1] Non è stato cancellato nessun record: DELETE FROM ResiVenditeSSN WHERE dataResoVenditaSSN BETWEEN ? AND ? date: 01/01/2018-30/09/2018
2018-09-14 19:48:29,215 ERROR com.klugesoftware.farmamanager.db.ResiVenditeDAO [pool-4-thread-1] java.sql.SQLException: Non è stato cancellato nessun record
2018-09-14 19:48:29,219 ERROR com.klugesoftware.farmamanager.db.VenditeDAO [pool-4-thread-1] java.sql.SQLException: Non è stata trovato nessun record.
2018-09-14 19:49:46,540 INFO com.klugesoftware.farmamanager.IOFunctions.ImportazioneVenditeFromDBF [pool-4-thread-1] importazione movimenti da 2018-01-01 a 2018-01-31
2018-09-14 19:49:55,673 INFO com.klugesoftware.farmamanager.IOFunctions.DeleteMovimenti [pool-4-thread-1] Cancellazione movimenti dalla data: 01/01/2018 alla data: 31/01/2018
2018-09-14 19:49:55,687 WARN com.klugesoftware.farmamanager.db.VenditeDAO [pool-4-thread-1] Non è stato cancellato nessun record: DELETE FROM ResiProdottiVenditaSSN WHERE idResoVenditaSSN IN   (SELECT idResoVenditaSSN FROM ResiVenditeSSN WHERE dataResoVenditaSSN  BETWEEN ? AND ?) date: 01/01/2018-31/01/2018
2018-09-14 19:49:55,687 WARN com.klugesoftware.farmamanager.db.VenditeDAO [pool-4-thread-1] Non è stato cancellato nessun record: DELETE FROM ResiVenditeSSN WHERE dataResoVenditaSSN BETWEEN ? AND ? date: 01/01/2018-31/01/2018
2018-09-14 19:49:55,694 ERROR com.klugesoftware.farmamanager.db.ResiVenditeDAO [pool-4-thread-1] java.sql.SQLException: Non è stato cancellato nessun record
2018-09-14 19:49:55,697 ERROR com.klugesoftware.farmamanager.db.VenditeDAO [pool-4-thread-1] java.sql.SQLException: Non è stata trovato nessun record.
2018-09-14 19:50:04,222 ERROR com.klugesoftware.farmamanager.db.ImportazioniDAO [JavaFX Application Thread] ImportazioneDAO: Nuovo record importazione...
java.sql.SQLException: Non è stata trovato nessun record.
	at com.klugesoftware.farmamanager.db.ImportazioniDAO.findUltimoRecordInserito(ImportazioniDAO.java:152) ~[FarmaManagerApp/:?]
	at com.klugesoftware.farmamanager.db.ImportazioniDAOManager.findUltimoInsert(ImportazioniDAOManager.java:26) ~[FarmaManagerApp/:?]
	at com.klugesoftware.farmamanager.controller.HomeAnalisiDatiController.itemList(HomeAnalisiDatiController.java:298) ~[FarmaManagerApp/:?]
	at com.klugesoftware.farmamanager.controller.HomeAnalisiDatiController.initialize(HomeAnalisiDatiController.java:291) ~[FarmaManagerApp/:?]
	at javafx.fxml/javafx.fxml.FXMLLoader.loadImpl(FXMLLoader.java:2573) ~[javafx.fxml:?]
	at javafx.fxml/javafx.fxml.FXMLLoader.loadImpl(FXMLLoader.java:2466) ~[javafx.fxml:?]
	at javafx.fxml/javafx.fxml.FXMLLoader.load(FXMLLoader.java:2435) ~[javafx.fxml:?]
	at com.klugesoftware.farmamanager.controller.SettingsController.listenerEsciButton(SettingsController.java:126) ~[FarmaManagerApp/:?]
	at java.base/jdk.internal.reflect.NativeMethodAccessorImpl.invoke0(Native Method) ~[?:?]
	at java.base/jdk.internal.reflect.NativeMethodAccessorImpl.invoke(NativeMethodAccessorImpl.java:62) ~[?:?]
	at java.base/jdk.internal.reflect.DelegatingMethodAccessorImpl.invoke(DelegatingMethodAccessorImpl.java:43) ~[?:?]
	at java.base/java.lang.reflect.Method.invoke(Method.java:564) ~[?:?]
	at com.sun.javafx.reflect.Trampoline.invoke(MethodUtil.java:76) ~[javafx.base:?]
	at jdk.internal.reflect.GeneratedMethodAccessor2.invoke(Unknown Source) ~[?:?]
	at java.base/jdk.internal.reflect.DelegatingMethodAccessorImpl.invoke(DelegatingMethodAccessorImpl.java:43) ~[?:?]
	at java.base/java.lang.reflect.Method.invoke(Method.java:564) ~[?:?]
	at javafx.base/com.sun.javafx.reflect.MethodUtil.invoke(MethodUtil.java:275) ~[javafx.base:?]
	at javafx.fxml/com.sun.javafx.fxml.MethodHelper.invoke(MethodHelper.java:83) ~[javafx.fxml:?]
	at javafx.fxml/javafx.fxml.FXMLLoader$MethodHandler.invoke(FXMLLoader.java:1782) ~[javafx.fxml:?]
	at javafx.fxml/javafx.fxml.FXMLLoader$ControllerMethodEventHandler.handle(FXMLLoader.java:1670) ~[javafx.fxml:?]
	at javafx.base/com.sun.javafx.event.CompositeEventHandler.dispatchBubblingEvent(CompositeEventHandler.java:86) ~[javafx.base:?]
	at javafx.base/com.sun.javafx.event.EventHandlerManager.dispatchBubblingEvent(EventHandlerManager.java:238) ~[javafx.base:?]
	at javafx.base/com.sun.javafx.event.EventHandlerManager.dispatchBubblingEvent(EventHandlerManager.java:191) ~[javafx.base:?]
	at javafx.base/com.sun.javafx.event.CompositeEventDispatcher.dispatchBubblingEvent(CompositeEventDispatcher.java:59) ~[javafx.base:?]
	at javafx.base/com.sun.javafx.event.BasicEventDispatcher.dispatchEvent(BasicEventDispatcher.java:58) ~[javafx.base:?]
	at javafx.base/com.sun.javafx.event.EventDispatchChainImpl.dispatchEvent(EventDispatchChainImpl.java:114) ~[javafx.base:?]
	at javafx.base/com.sun.javafx.event.BasicEventDispatcher.dispatchEvent(BasicEventDispatcher.java:56) ~[javafx.base:?]
	at javafx.base/com.sun.javafx.event.EventDispatchChainImpl.dispatchEvent(EventDispatchChainImpl.java:114) ~[javafx.base:?]
	at javafx.base/com.sun.javafx.event.BasicEventDispatcher.dispatchEvent(BasicEventDispatcher.java:56) ~[javafx.base:?]
	at javafx.base/com.sun.javafx.event.EventDispatchChainImpl.dispatchEvent(EventDispatchChainImpl.java:114) ~[javafx.base:?]
	at javafx.base/com.sun.javafx.event.EventUtil.fireEventImpl(EventUtil.java:74) ~[javafx.base:?]
	at javafx.base/com.sun.javafx.event.EventUtil.fireEvent(EventUtil.java:49) ~[javafx.base:?]
	at javafx.base/javafx.event.Event.fireEvent(Event.java:198) ~[javafx.base:?]
	at javafx.graphics/javafx.scene.Node.fireEvent(Node.java:8863) ~[javafx.graphics:?]
	at javafx.controls/javafx.scene.control.Button.fire(Button.java:200) ~[javafx.controls:?]
	at javafx.controls/com.sun.javafx.scene.control.behavior.ButtonBehavior.mouseReleased(ButtonBehavior.java:206) ~[javafx.controls:?]
	at javafx.controls/com.sun.javafx.scene.control.inputmap.InputMap.handle(InputMap.java:274) ~[javafx.controls:?]
	at javafx.base/com.sun.javafx.event.CompositeEventHandler$NormalEventHandlerRecord.handleBubblingEvent(CompositeEventHandler.java:218) ~[javafx.base:?]
	at javafx.base/com.sun.javafx.event.CompositeEventHandler.dispatchBubblingEvent(CompositeEventHandler.java:80) ~[javafx.base:?]
	at javafx.base/com.sun.javafx.event.EventHandlerManager.dispatchBubblingEvent(EventHandlerManager.java:238) ~[javafx.base:?]
	at javafx.base/com.sun.javafx.event.EventHandlerManager.dispatchBubblingEvent(EventHandlerManager.java:191) ~[javafx.base:?]
	at javafx.base/com.sun.javafx.event.CompositeEventDispatcher.dispatchBubblingEvent(CompositeEventDispatcher.java:59) ~[javafx.base:?]
	at javafx.base/com.sun.javafx.event.BasicEventDispatcher.dispatchEvent(BasicEventDispatcher.java:58) ~[javafx.base:?]
	at javafx.base/com.sun.javafx.event.EventDispatchChainImpl.dispatchEvent(EventDispatchChainImpl.java:114) ~[javafx.base:?]
	at javafx.base/com.sun.javafx.event.BasicEventDispatcher.dispatchEvent(BasicEventDispatcher.java:56) ~[javafx.base:?]
	at javafx.base/com.sun.javafx.event.EventDispatchChainImpl.dispatchEvent(EventDispatchChainImpl.java:114) ~[javafx.base:?]
	at javafx.base/com.sun.javafx.event.BasicEventDispatcher.dispatchEvent(BasicEventDispatcher.java:56) ~[javafx.base:?]
	at javafx.base/com.sun.javafx.event.EventDispatchChainImpl.dispatchEvent(EventDispatchChainImpl.java:114) ~[javafx.base:?]
	at javafx.base/com.sun.javafx.event.EventUtil.fireEventImpl(EventUtil.java:74) ~[javafx.base:?]
	at javafx.base/com.sun.javafx.event.EventUtil.fireEvent(EventUtil.java:54) ~[javafx.base:?]
	at javafx.base/javafx.event.Event.fireEvent(Event.java:198) ~[javafx.base:?]
	at javafx.graphics/javafx.scene.Scene$MouseHandler.process(Scene.java:3876) ~[javafx.graphics:?]
	at javafx.graphics/javafx.scene.Scene$MouseHandler.access$1300(Scene.java:3604) ~[javafx.graphics:?]
	at javafx.graphics/javafx.scene.Scene.processMouseEvent(Scene.java:1874) ~[javafx.graphics:?]
	at javafx.graphics/javafx.scene.Scene$ScenePeerListener.mouseEvent(Scene.java:2613) ~[javafx.graphics:?]
	at javafx.graphics/com.sun.javafx.tk.quantum.GlassViewEventHandler$MouseEventNotification.run(GlassViewEventHandler.java:397) ~[javafx.graphics:?]
	at javafx.graphics/com.sun.javafx.tk.quantum.GlassViewEventHandler$MouseEventNotification.run(GlassViewEventHandler.java:295) ~[javafx.graphics:?]
	at java.base/java.security.AccessController.doPrivileged(Native Method) ~[?:?]
	at javafx.graphics/com.sun.javafx.tk.quantum.GlassViewEventHandler.lambda$handleMouseEvent$2(GlassViewEventHandler.java:434) ~[javafx.graphics:?]
	at javafx.graphics/com.sun.javafx.tk.quantum.QuantumToolkit.runWithoutRenderLock(QuantumToolkit.java:389) [javafx.graphics:?]
	at javafx.graphics/com.sun.javafx.tk.quantum.GlassViewEventHandler.handleMouseEvent(GlassViewEventHandler.java:433) [javafx.graphics:?]
	at javafx.graphics/com.sun.glass.ui.View.handleMouseEvent(View.java:556) [javafx.graphics:?]
	at javafx.graphics/com.sun.glass.ui.View.notifyMouse(View.java:942) [javafx.graphics:?]
	at javafx.graphics/com.sun.glass.ui.mac.MacView.notifyMouse(MacView.java:127) [javafx.graphics:?]
2018-09-14 19:50:07,029 ERROR com.klugesoftware.farmamanager.db.ImportazioniDAO [JavaFX Application Thread] ImportazioneDAO: Nuovo record importazione...
java.sql.SQLException: Non è stata trovato nessun record.
	at com.klugesoftware.farmamanager.db.ImportazioniDAO.findUltimoRecordInserito(ImportazioniDAO.java:152) ~[FarmaManagerApp/:?]
	at com.klugesoftware.farmamanager.db.ImportazioniDAOManager.findUltimoInsert(ImportazioniDAOManager.java:26) ~[FarmaManagerApp/:?]
	at com.klugesoftware.farmamanager.controller.HomeAnalisiDatiController.aggMovimentiClicked(HomeAnalisiDatiController.java:341) ~[FarmaManagerApp/:?]
	at java.base/jdk.internal.reflect.NativeMethodAccessorImpl.invoke0(Native Method) ~[?:?]
	at java.base/jdk.internal.reflect.NativeMethodAccessorImpl.invoke(NativeMethodAccessorImpl.java:62) ~[?:?]
	at java.base/jdk.internal.reflect.DelegatingMethodAccessorImpl.invoke(DelegatingMethodAccessorImpl.java:43) ~[?:?]
	at java.base/java.lang.reflect.Method.invoke(Method.java:564) ~[?:?]
	at com.sun.javafx.reflect.Trampoline.invoke(MethodUtil.java:76) ~[javafx.base:?]
	at jdk.internal.reflect.GeneratedMethodAccessor2.invoke(Unknown Source) ~[?:?]
	at java.base/jdk.internal.reflect.DelegatingMethodAccessorImpl.invoke(DelegatingMethodAccessorImpl.java:43) ~[?:?]
	at java.base/java.lang.reflect.Method.invoke(Method.java:564) ~[?:?]
	at javafx.base/com.sun.javafx.reflect.MethodUtil.invoke(MethodUtil.java:275) ~[javafx.base:?]
	at javafx.fxml/com.sun.javafx.fxml.MethodHelper.invoke(MethodHelper.java:83) ~[javafx.fxml:?]
	at javafx.fxml/javafx.fxml.FXMLLoader$MethodHandler.invoke(FXMLLoader.java:1782) ~[javafx.fxml:?]
	at javafx.fxml/javafx.fxml.FXMLLoader$ControllerMethodEventHandler.handle(FXMLLoader.java:1670) ~[javafx.fxml:?]
	at javafx.base/com.sun.javafx.event.CompositeEventHandler.dispatchBubblingEvent(CompositeEventHandler.java:86) ~[javafx.base:?]
	at javafx.base/com.sun.javafx.event.EventHandlerManager.dispatchBubblingEvent(EventHandlerManager.java:238) ~[javafx.base:?]
	at javafx.base/com.sun.javafx.event.EventHandlerManager.dispatchBubblingEvent(EventHandlerManager.java:191) ~[javafx.base:?]
	at javafx.base/com.sun.javafx.event.CompositeEventDispatcher.dispatchBubblingEvent(CompositeEventDispatcher.java:59) ~[javafx.base:?]
	at javafx.base/com.sun.javafx.event.BasicEventDispatcher.dispatchEvent(BasicEventDispatcher.java:58) ~[javafx.base:?]
	at javafx.base/com.sun.javafx.event.EventDispatchChainImpl.dispatchEvent(EventDispatchChainImpl.java:114) ~[javafx.base:?]
	at javafx.base/com.sun.javafx.event.BasicEventDispatcher.dispatchEvent(BasicEventDispatcher.java:56) ~[javafx.base:?]
	at javafx.base/com.sun.javafx.event.EventDispatchChainImpl.dispatchEvent(EventDispatchChainImpl.java:114) ~[javafx.base:?]
	at javafx.base/com.sun.javafx.event.BasicEventDispatcher.dispatchEvent(BasicEventDispatcher.java:56) ~[javafx.base:?]
	at javafx.base/com.sun.javafx.event.EventDispatchChainImpl.dispatchEvent(EventDispatchChainImpl.java:114) ~[javafx.base:?]
	at javafx.base/com.sun.javafx.event.EventUtil.fireEventImpl(EventUtil.java:74) ~[javafx.base:?]
	at javafx.base/com.sun.javafx.event.EventUtil.fireEvent(EventUtil.java:49) ~[javafx.base:?]
	at javafx.base/javafx.event.Event.fireEvent(Event.java:198) ~[javafx.base:?]
	at javafx.graphics/javafx.scene.Node.fireEvent(Node.java:8863) ~[javafx.graphics:?]
	at javafx.controls/javafx.scene.control.Button.fire(Button.java:200) ~[javafx.controls:?]
	at javafx.controls/com.sun.javafx.scene.control.behavior.ButtonBehavior.mouseReleased(ButtonBehavior.java:206) ~[javafx.controls:?]
	at javafx.controls/com.sun.javafx.scene.control.inputmap.InputMap.handle(InputMap.java:274) ~[javafx.controls:?]
	at javafx.base/com.sun.javafx.event.CompositeEventHandler$NormalEventHandlerRecord.handleBubblingEvent(CompositeEventHandler.java:218) ~[javafx.base:?]
	at javafx.base/com.sun.javafx.event.CompositeEventHandler.dispatchBubblingEvent(CompositeEventHandler.java:80) ~[javafx.base:?]
	at javafx.base/com.sun.javafx.event.EventHandlerManager.dispatchBubblingEvent(EventHandlerManager.java:238) ~[javafx.base:?]
	at javafx.base/com.sun.javafx.event.EventHandlerManager.dispatchBubblingEvent(EventHandlerManager.java:191) ~[javafx.base:?]
	at javafx.base/com.sun.javafx.event.CompositeEventDispatcher.dispatchBubblingEvent(CompositeEventDispatcher.java:59) ~[javafx.base:?]
	at javafx.base/com.sun.javafx.event.BasicEventDispatcher.dispatchEvent(BasicEventDispatcher.java:58) ~[javafx.base:?]
	at javafx.base/com.sun.javafx.event.EventDispatchChainImpl.dispatchEvent(EventDispatchChainImpl.java:114) ~[javafx.base:?]
	at javafx.base/com.sun.javafx.event.BasicEventDispatcher.dispatchEvent(BasicEventDispatcher.java:56) ~[javafx.base:?]
	at javafx.base/com.sun.javafx.event.EventDispatchChainImpl.dispatchEvent(EventDispatchChainImpl.java:114) ~[javafx.base:?]
	at javafx.base/com.sun.javafx.event.BasicEventDispatcher.dispatchEvent(BasicEventDispatcher.java:56) ~[javafx.base:?]
	at javafx.base/com.sun.javafx.event.EventDispatchChainImpl.dispatchEvent(EventDispatchChainImpl.java:114) ~[javafx.base:?]
	at javafx.base/com.sun.javafx.event.EventUtil.fireEventImpl(EventUtil.java:74) ~[javafx.base:?]
	at javafx.base/com.sun.javafx.event.EventUtil.fireEvent(EventUtil.java:54) ~[javafx.base:?]
	at javafx.base/javafx.event.Event.fireEvent(Event.java:198) ~[javafx.base:?]
	at javafx.graphics/javafx.scene.Scene$MouseHandler.process(Scene.java:3876) ~[javafx.graphics:?]
	at javafx.graphics/javafx.scene.Scene$MouseHandler.access$1300(Scene.java:3604) ~[javafx.graphics:?]
	at javafx.graphics/javafx.scene.Scene.processMouseEvent(Scene.java:1874) ~[javafx.graphics:?]
	at javafx.graphics/javafx.scene.Scene$ScenePeerListener.mouseEvent(Scene.java:2613) ~[javafx.graphics:?]
	at javafx.graphics/com.sun.javafx.tk.quantum.GlassViewEventHandler$MouseEventNotification.run(GlassViewEventHandler.java:397) ~[javafx.graphics:?]
	at javafx.graphics/com.sun.javafx.tk.quantum.GlassViewEventHandler$MouseEventNotification.run(GlassViewEventHandler.java:295) ~[javafx.graphics:?]
	at java.base/java.security.AccessController.doPrivileged(Native Method) ~[?:?]
	at javafx.graphics/com.sun.javafx.tk.quantum.GlassViewEventHandler.lambda$handleMouseEvent$2(GlassViewEventHandler.java:434) ~[javafx.graphics:?]
	at javafx.graphics/com.sun.javafx.tk.quantum.QuantumToolkit.runWithoutRenderLock(QuantumToolkit.java:389) [javafx.graphics:?]
	at javafx.graphics/com.sun.javafx.tk.quantum.GlassViewEventHandler.handleMouseEvent(GlassViewEventHandler.java:433) [javafx.graphics:?]
	at javafx.graphics/com.sun.glass.ui.View.handleMouseEvent(View.java:556) [javafx.graphics:?]
	at javafx.graphics/com.sun.glass.ui.View.notifyMouse(View.java:942) [javafx.graphics:?]
	at javafx.graphics/com.sun.glass.ui.mac.MacView.notifyMouse(MacView.java:127) [javafx.graphics:?]
2018-09-14 19:52:25,085 ERROR com.klugesoftware.farmamanager.db.ImportazioniDAO [JavaFX Application Thread] ImportazioneDAO: Nuovo record importazione...
java.sql.SQLException: Non è stata trovato nessun record.
	at com.klugesoftware.farmamanager.db.ImportazioniDAO.findUltimoRecordInserito(ImportazioniDAO.java:152) ~[FarmaManagerApp/:?]
	at com.klugesoftware.farmamanager.db.ImportazioniDAOManager.findUltimoInsert(ImportazioniDAOManager.java:26) ~[FarmaManagerApp/:?]
	at com.klugesoftware.farmamanager.controller.HomeAnalisiDatiController.itemList(HomeAnalisiDatiController.java:298) ~[FarmaManagerApp/:?]
	at com.klugesoftware.farmamanager.controller.HomeAnalisiDatiController.initialize(HomeAnalisiDatiController.java:291) ~[FarmaManagerApp/:?]
	at javafx.fxml/javafx.fxml.FXMLLoader.loadImpl(FXMLLoader.java:2573) ~[javafx.fxml:?]
	at javafx.fxml/javafx.fxml.FXMLLoader.loadImpl(FXMLLoader.java:2466) ~[javafx.fxml:?]
	at javafx.fxml/javafx.fxml.FXMLLoader.loadImpl(FXMLLoader.java:3253) ~[javafx.fxml:?]
	at javafx.fxml/javafx.fxml.FXMLLoader.loadImpl(FXMLLoader.java:3210) ~[javafx.fxml:?]
	at javafx.fxml/javafx.fxml.FXMLLoader.loadImpl(FXMLLoader.java:3179) ~[javafx.fxml:?]
	at javafx.fxml/javafx.fxml.FXMLLoader.loadImpl(FXMLLoader.java:3152) ~[javafx.fxml:?]
	at javafx.fxml/javafx.fxml.FXMLLoader.loadImpl(FXMLLoader.java:3129) ~[javafx.fxml:?]
	at javafx.fxml/javafx.fxml.FXMLLoader.load(FXMLLoader.java:3122) ~[javafx.fxml:?]
	at com.klugesoftware.farmamanager.main.FarmaManagerMain.start(FarmaManagerMain.java:17) ~[FarmaManagerApp/:?]
	at javafx.graphics/com.sun.javafx.application.LauncherImpl.lambda$launchApplication1$9(LauncherImpl.java:919) ~[javafx.graphics:?]
	at javafx.graphics/com.sun.javafx.application.PlatformImpl.lambda$runAndWait$11(PlatformImpl.java:449) ~[javafx.graphics:?]
	at javafx.graphics/com.sun.javafx.application.PlatformImpl.lambda$runLater$9(PlatformImpl.java:418) ~[javafx.graphics:?]
	at java.base/java.security.AccessController.doPrivileged(Native Method) ~[?:?]
	at javafx.graphics/com.sun.javafx.application.PlatformImpl.lambda$runLater$10(PlatformImpl.java:417) ~[javafx.graphics:?]
	at javafx.graphics/com.sun.glass.ui.InvokeLaterDispatcher$Future.run(InvokeLaterDispatcher.java:96) [javafx.graphics:?]
2018-09-14 19:53:21,260 ERROR com.klugesoftware.farmamanager.db.ImportazioniDAO [JavaFX Application Thread] ImportazioneDAO: Nuovo record importazione...
java.sql.SQLException: Non è stata trovato nessun record.
	at com.klugesoftware.farmamanager.db.ImportazioniDAO.findUltimoRecordInserito(ImportazioniDAO.java:152) ~[FarmaManagerApp/:?]
	at com.klugesoftware.farmamanager.db.ImportazioniDAOManager.findUltimoInsert(ImportazioniDAOManager.java:26) ~[FarmaManagerApp/:?]
	at com.klugesoftware.farmamanager.controller.HomeAnalisiDatiController.itemList(HomeAnalisiDatiController.java:299) ~[FarmaManagerApp/:?]
	at com.klugesoftware.farmamanager.controller.HomeAnalisiDatiController.initialize(HomeAnalisiDatiController.java:291) ~[FarmaManagerApp/:?]
	at javafx.fxml/javafx.fxml.FXMLLoader.loadImpl(FXMLLoader.java:2573) ~[javafx.fxml:?]
	at javafx.fxml/javafx.fxml.FXMLLoader.loadImpl(FXMLLoader.java:2466) ~[javafx.fxml:?]
	at javafx.fxml/javafx.fxml.FXMLLoader.loadImpl(FXMLLoader.java:3253) ~[javafx.fxml:?]
	at javafx.fxml/javafx.fxml.FXMLLoader.loadImpl(FXMLLoader.java:3210) ~[javafx.fxml:?]
	at javafx.fxml/javafx.fxml.FXMLLoader.loadImpl(FXMLLoader.java:3179) ~[javafx.fxml:?]
	at javafx.fxml/javafx.fxml.FXMLLoader.loadImpl(FXMLLoader.java:3152) ~[javafx.fxml:?]
	at javafx.fxml/javafx.fxml.FXMLLoader.loadImpl(FXMLLoader.java:3129) ~[javafx.fxml:?]
	at javafx.fxml/javafx.fxml.FXMLLoader.load(FXMLLoader.java:3122) ~[javafx.fxml:?]
	at com.klugesoftware.farmamanager.main.FarmaManagerMain.start(FarmaManagerMain.java:17) ~[FarmaManagerApp/:?]
	at javafx.graphics/com.sun.javafx.application.LauncherImpl.lambda$launchApplication1$9(LauncherImpl.java:919) ~[javafx.graphics:?]
	at javafx.graphics/com.sun.javafx.application.PlatformImpl.lambda$runAndWait$11(PlatformImpl.java:449) ~[javafx.graphics:?]
	at javafx.graphics/com.sun.javafx.application.PlatformImpl.lambda$runLater$9(PlatformImpl.java:418) ~[javafx.graphics:?]
	at java.base/java.security.AccessController.doPrivileged(Native Method) ~[?:?]
	at javafx.graphics/com.sun.javafx.application.PlatformImpl.lambda$runLater$10(PlatformImpl.java:417) ~[javafx.graphics:?]
	at javafx.graphics/com.sun.glass.ui.InvokeLaterDispatcher$Future.run(InvokeLaterDispatcher.java:96) [javafx.graphics:?]
2018-09-14 19:53:33,375 ERROR com.klugesoftware.farmamanager.db.ImportazioniDAO [JavaFX Application Thread] ImportazioneDAO: Nuovo record importazione...
java.sql.SQLException: Non è stata trovato nessun record.
	at com.klugesoftware.farmamanager.db.ImportazioniDAO.findUltimoRecordInserito(ImportazioniDAO.java:152) ~[FarmaManagerApp/:?]
	at com.klugesoftware.farmamanager.db.ImportazioniDAOManager.findUltimoInsert(ImportazioniDAOManager.java:26) ~[FarmaManagerApp/:?]
	at com.klugesoftware.farmamanager.controller.HomeAnalisiDatiController.itemList(HomeAnalisiDatiController.java:299) ~[FarmaManagerApp/:?]
	at com.klugesoftware.farmamanager.controller.HomeAnalisiDatiController.initialize(HomeAnalisiDatiController.java:291) ~[FarmaManagerApp/:?]
	at javafx.fxml/javafx.fxml.FXMLLoader.loadImpl(FXMLLoader.java:2573) ~[javafx.fxml:?]
	at javafx.fxml/javafx.fxml.FXMLLoader.loadImpl(FXMLLoader.java:2466) ~[javafx.fxml:?]
	at javafx.fxml/javafx.fxml.FXMLLoader.loadImpl(FXMLLoader.java:3253) ~[javafx.fxml:?]
	at javafx.fxml/javafx.fxml.FXMLLoader.loadImpl(FXMLLoader.java:3210) ~[javafx.fxml:?]
	at javafx.fxml/javafx.fxml.FXMLLoader.loadImpl(FXMLLoader.java:3179) ~[javafx.fxml:?]
	at javafx.fxml/javafx.fxml.FXMLLoader.loadImpl(FXMLLoader.java:3152) ~[javafx.fxml:?]
	at javafx.fxml/javafx.fxml.FXMLLoader.loadImpl(FXMLLoader.java:3129) ~[javafx.fxml:?]
	at javafx.fxml/javafx.fxml.FXMLLoader.load(FXMLLoader.java:3122) ~[javafx.fxml:?]
	at com.klugesoftware.farmamanager.main.FarmaManagerMain.start(FarmaManagerMain.java:17) ~[FarmaManagerApp/:?]
	at javafx.graphics/com.sun.javafx.application.LauncherImpl.lambda$launchApplication1$9(LauncherImpl.java:919) ~[javafx.graphics:?]
	at javafx.graphics/com.sun.javafx.application.PlatformImpl.lambda$runAndWait$11(PlatformImpl.java:449) ~[javafx.graphics:?]
	at javafx.graphics/com.sun.javafx.application.PlatformImpl.lambda$runLater$9(PlatformImpl.java:418) ~[javafx.graphics:?]
	at java.base/java.security.AccessController.doPrivileged(Native Method) ~[?:?]
	at javafx.graphics/com.sun.javafx.application.PlatformImpl.lambda$runLater$10(PlatformImpl.java:417) ~[javafx.graphics:?]
	at javafx.graphics/com.sun.glass.ui.InvokeLaterDispatcher$Future.run(InvokeLaterDispatcher.java:96) [javafx.graphics:?]
2018-09-14 19:53:35,340 ERROR com.klugesoftware.farmamanager.db.ImportazioniDAO [JavaFX Application Thread] ImportazioneDAO: Nuovo record importazione...
java.sql.SQLException: Non è stata trovato nessun record.
	at com.klugesoftware.farmamanager.db.ImportazioniDAO.findUltimoRecordInserito(ImportazioniDAO.java:152) ~[FarmaManagerApp/:?]
	at com.klugesoftware.farmamanager.db.ImportazioniDAOManager.findUltimoInsert(ImportazioniDAOManager.java:26) ~[FarmaManagerApp/:?]
	at com.klugesoftware.farmamanager.controller.SettingsController.statoImportazioni(SettingsController.java:110) ~[FarmaManagerApp/:?]
	at com.klugesoftware.farmamanager.controller.SettingsController.initialize(SettingsController.java:106) ~[FarmaManagerApp/:?]
	at javafx.fxml/javafx.fxml.FXMLLoader.loadImpl(FXMLLoader.java:2573) ~[javafx.fxml:?]
	at javafx.fxml/javafx.fxml.FXMLLoader.loadImpl(FXMLLoader.java:2466) ~[javafx.fxml:?]
	at javafx.fxml/javafx.fxml.FXMLLoader.load(FXMLLoader.java:2435) ~[javafx.fxml:?]
	at com.klugesoftware.farmamanager.controller.HomeAnalisiDatiController.settingsClicked(HomeAnalisiDatiController.java:472) ~[FarmaManagerApp/:?]
	at java.base/jdk.internal.reflect.NativeMethodAccessorImpl.invoke0(Native Method) ~[?:?]
	at java.base/jdk.internal.reflect.NativeMethodAccessorImpl.invoke(NativeMethodAccessorImpl.java:62) ~[?:?]
	at java.base/jdk.internal.reflect.DelegatingMethodAccessorImpl.invoke(DelegatingMethodAccessorImpl.java:43) ~[?:?]
	at java.base/java.lang.reflect.Method.invoke(Method.java:564) ~[?:?]
	at com.sun.javafx.reflect.Trampoline.invoke(MethodUtil.java:76) ~[javafx.base:?]
	at jdk.internal.reflect.GeneratedMethodAccessor2.invoke(Unknown Source) ~[?:?]
	at java.base/jdk.internal.reflect.DelegatingMethodAccessorImpl.invoke(DelegatingMethodAccessorImpl.java:43) ~[?:?]
	at java.base/java.lang.reflect.Method.invoke(Method.java:564) ~[?:?]
	at javafx.base/com.sun.javafx.reflect.MethodUtil.invoke(MethodUtil.java:275) ~[javafx.base:?]
	at javafx.fxml/com.sun.javafx.fxml.MethodHelper.invoke(MethodHelper.java:83) ~[javafx.fxml:?]
	at javafx.fxml/javafx.fxml.FXMLLoader$MethodHandler.invoke(FXMLLoader.java:1782) ~[javafx.fxml:?]
	at javafx.fxml/javafx.fxml.FXMLLoader$ControllerMethodEventHandler.handle(FXMLLoader.java:1670) ~[javafx.fxml:?]
	at javafx.base/com.sun.javafx.event.CompositeEventHandler.dispatchBubblingEvent(CompositeEventHandler.java:86) ~[javafx.base:?]
	at javafx.base/com.sun.javafx.event.EventHandlerManager.dispatchBubblingEvent(EventHandlerManager.java:238) ~[javafx.base:?]
	at javafx.base/com.sun.javafx.event.EventHandlerManager.dispatchBubblingEvent(EventHandlerManager.java:191) ~[javafx.base:?]
	at javafx.base/com.sun.javafx.event.CompositeEventDispatcher.dispatchBubblingEvent(CompositeEventDispatcher.java:59) ~[javafx.base:?]
	at javafx.base/com.sun.javafx.event.BasicEventDispatcher.dispatchEvent(BasicEventDispatcher.java:58) ~[javafx.base:?]
	at javafx.base/com.sun.javafx.event.EventDispatchChainImpl.dispatchEvent(EventDispatchChainImpl.java:114) ~[javafx.base:?]
	at javafx.base/com.sun.javafx.event.BasicEventDispatcher.dispatchEvent(BasicEventDispatcher.java:56) ~[javafx.base:?]
	at javafx.base/com.sun.javafx.event.EventDispatchChainImpl.dispatchEvent(EventDispatchChainImpl.java:114) ~[javafx.base:?]
	at javafx.base/com.sun.javafx.event.BasicEventDispatcher.dispatchEvent(BasicEventDispatcher.java:56) ~[javafx.base:?]
	at javafx.base/com.sun.javafx.event.EventDispatchChainImpl.dispatchEvent(EventDispatchChainImpl.java:114) ~[javafx.base:?]
	at javafx.base/com.sun.javafx.event.EventUtil.fireEventImpl(EventUtil.java:74) ~[javafx.base:?]
	at javafx.base/com.sun.javafx.event.EventUtil.fireEvent(EventUtil.java:49) ~[javafx.base:?]
	at javafx.base/javafx.event.Event.fireEvent(Event.java:198) ~[javafx.base:?]
	at javafx.graphics/javafx.scene.Node.fireEvent(Node.java:8863) ~[javafx.graphics:?]
	at javafx.controls/javafx.scene.control.Button.fire(Button.java:200) ~[javafx.controls:?]
	at javafx.controls/com.sun.javafx.scene.control.behavior.ButtonBehavior.mouseReleased(ButtonBehavior.java:206) ~[javafx.controls:?]
	at javafx.controls/com.sun.javafx.scene.control.inputmap.InputMap.handle(InputMap.java:274) ~[javafx.controls:?]
	at javafx.base/com.sun.javafx.event.CompositeEventHandler$NormalEventHandlerRecord.handleBubblingEvent(CompositeEventHandler.java:218) ~[javafx.base:?]
	at javafx.base/com.sun.javafx.event.CompositeEventHandler.dispatchBubblingEvent(CompositeEventHandler.java:80) ~[javafx.base:?]
	at javafx.base/com.sun.javafx.event.EventHandlerManager.dispatchBubblingEvent(EventHandlerManager.java:238) ~[javafx.base:?]
	at javafx.base/com.sun.javafx.event.EventHandlerManager.dispatchBubblingEvent(EventHandlerManager.java:191) ~[javafx.base:?]
	at javafx.base/com.sun.javafx.event.CompositeEventDispatcher.dispatchBubblingEvent(CompositeEventDispatcher.java:59) ~[javafx.base:?]
	at javafx.base/com.sun.javafx.event.BasicEventDispatcher.dispatchEvent(BasicEventDispatcher.java:58) ~[javafx.base:?]
	at javafx.base/com.sun.javafx.event.EventDispatchChainImpl.dispatchEvent(EventDispatchChainImpl.java:114) ~[javafx.base:?]
	at javafx.base/com.sun.javafx.event.BasicEventDispatcher.dispatchEvent(BasicEventDispatcher.java:56) ~[javafx.base:?]
	at javafx.base/com.sun.javafx.event.EventDispatchChainImpl.dispatchEvent(EventDispatchChainImpl.java:114) ~[javafx.base:?]
	at javafx.base/com.sun.javafx.event.BasicEventDispatcher.dispatchEvent(BasicEventDispatcher.java:56) ~[javafx.base:?]
	at javafx.base/com.sun.javafx.event.EventDispatchChainImpl.dispatchEvent(EventDispatchChainImpl.java:114) ~[javafx.base:?]
	at javafx.base/com.sun.javafx.event.EventUtil.fireEventImpl(EventUtil.java:74) ~[javafx.base:?]
	at javafx.base/com.sun.javafx.event.EventUtil.fireEvent(EventUtil.java:54) ~[javafx.base:?]
	at javafx.base/javafx.event.Event.fireEvent(Event.java:198) ~[javafx.base:?]
	at javafx.graphics/javafx.scene.Scene$MouseHandler.process(Scene.java:3876) ~[javafx.graphics:?]
	at javafx.graphics/javafx.scene.Scene$MouseHandler.access$1300(Scene.java:3604) ~[javafx.graphics:?]
	at javafx.graphics/javafx.scene.Scene.processMouseEvent(Scene.java:1874) ~[javafx.graphics:?]
	at javafx.graphics/javafx.scene.Scene$ScenePeerListener.mouseEvent(Scene.java:2613) ~[javafx.graphics:?]
	at javafx.graphics/com.sun.javafx.tk.quantum.GlassViewEventHandler$MouseEventNotification.run(GlassViewEventHandler.java:397) ~[javafx.graphics:?]
	at javafx.graphics/com.sun.javafx.tk.quantum.GlassViewEventHandler$MouseEventNotification.run(GlassViewEventHandler.java:295) ~[javafx.graphics:?]
	at java.base/java.security.AccessController.doPrivileged(Native Method) ~[?:?]
	at javafx.graphics/com.sun.javafx.tk.quantum.GlassViewEventHandler.lambda$handleMouseEvent$2(GlassViewEventHandler.java:434) ~[javafx.graphics:?]
	at javafx.graphics/com.sun.javafx.tk.quantum.QuantumToolkit.runWithoutRenderLock(QuantumToolkit.java:389) [javafx.graphics:?]
	at javafx.graphics/com.sun.javafx.tk.quantum.GlassViewEventHandler.handleMouseEvent(GlassViewEventHandler.java:433) [javafx.graphics:?]
	at javafx.graphics/com.sun.glass.ui.View.handleMouseEvent(View.java:556) [javafx.graphics:?]
	at javafx.graphics/com.sun.glass.ui.View.notifyMouse(View.java:942) [javafx.graphics:?]
	at javafx.graphics/com.sun.glass.ui.mac.MacView.notifyMouse(MacView.java:127) [javafx.graphics:?]
2018-09-14 19:53:52,432 INFO com.klugesoftware.farmamanager.IOFunctions.ImportazioneVenditeFromDBF [pool-4-thread-1] importazione movimenti da 2018-01-01 a 2018-01-03
2018-09-14 19:56:48,747 INFO com.klugesoftware.farmamanager.IOFunctions.ImportazioneVenditeFromDBF [pool-4-thread-1] importazione movimenti da 2018-01-04 a 2018-01-04
2018-09-14 19:58:46,255 INFO com.klugesoftware.farmamanager.IOFunctions.ImportazioneVenditeFromDBF [pool-4-thread-1] importazione movimenti da 2018-01-05 a 2018-09-13
2018-09-14 19:58:50,880 INFO com.klugesoftware.farmamanager.IOFunctions.DeleteMovimenti [pool-4-thread-1] Cancellazione movimenti dalla data: 01/01/2018 alla data: 30/09/2018
2018-09-14 19:58:50,946 WARN com.klugesoftware.farmamanager.db.VenditeDAO [pool-4-thread-1] Non è stato cancellato nessun record: DELETE FROM ResiProdottiVenditaSSN WHERE idResoVenditaSSN IN   (SELECT idResoVenditaSSN FROM ResiVenditeSSN WHERE dataResoVenditaSSN  BETWEEN ? AND ?) date: 01/01/2018-30/09/2018
2018-09-14 19:58:50,947 WARN com.klugesoftware.farmamanager.db.VenditeDAO [pool-4-thread-1] Non è stato cancellato nessun record: DELETE FROM ResiVenditeSSN WHERE dataResoVenditaSSN BETWEEN ? AND ? date: 01/01/2018-30/09/2018
2018-09-14 19:58:50,953 ERROR com.klugesoftware.farmamanager.db.ResiVenditeDAO [pool-4-thread-1] java.sql.SQLException: Non è stato cancellato nessun record
2018-09-14 19:58:50,958 ERROR com.klugesoftware.farmamanager.db.VenditeDAO [pool-4-thread-1] java.sql.SQLException: Non è stata trovato nessun record.
2018-09-14 19:58:57,068 ERROR com.klugesoftware.farmamanager.db.ImportazioniDAO [JavaFX Application Thread] ImportazioneDAO: Nuovo record importazione...
java.sql.SQLException: Non è stata trovato nessun record.
	at com.klugesoftware.farmamanager.db.ImportazioniDAO.findUltimoRecordInserito(ImportazioniDAO.java:152) ~[FarmaManagerApp/:?]
	at com.klugesoftware.farmamanager.db.ImportazioniDAOManager.findUltimoInsert(ImportazioniDAOManager.java:26) ~[FarmaManagerApp/:?]
	at com.klugesoftware.farmamanager.controller.HomeAnalisiDatiController.itemList(HomeAnalisiDatiController.java:299) ~[FarmaManagerApp/:?]
	at com.klugesoftware.farmamanager.controller.HomeAnalisiDatiController.initialize(HomeAnalisiDatiController.java:291) ~[FarmaManagerApp/:?]
	at javafx.fxml/javafx.fxml.FXMLLoader.loadImpl(FXMLLoader.java:2573) ~[javafx.fxml:?]
	at javafx.fxml/javafx.fxml.FXMLLoader.loadImpl(FXMLLoader.java:2466) ~[javafx.fxml:?]
	at javafx.fxml/javafx.fxml.FXMLLoader.load(FXMLLoader.java:2435) ~[javafx.fxml:?]
	at com.klugesoftware.farmamanager.controller.SettingsController.listenerEsciButton(SettingsController.java:126) ~[FarmaManagerApp/:?]
	at java.base/jdk.internal.reflect.NativeMethodAccessorImpl.invoke0(Native Method) ~[?:?]
	at java.base/jdk.internal.reflect.NativeMethodAccessorImpl.invoke(NativeMethodAccessorImpl.java:62) ~[?:?]
	at java.base/jdk.internal.reflect.DelegatingMethodAccessorImpl.invoke(DelegatingMethodAccessorImpl.java:43) ~[?:?]
	at java.base/java.lang.reflect.Method.invoke(Method.java:564) ~[?:?]
	at com.sun.javafx.reflect.Trampoline.invoke(MethodUtil.java:76) ~[javafx.base:?]
	at jdk.internal.reflect.GeneratedMethodAccessor2.invoke(Unknown Source) ~[?:?]
	at java.base/jdk.internal.reflect.DelegatingMethodAccessorImpl.invoke(DelegatingMethodAccessorImpl.java:43) ~[?:?]
	at java.base/java.lang.reflect.Method.invoke(Method.java:564) ~[?:?]
	at javafx.base/com.sun.javafx.reflect.MethodUtil.invoke(MethodUtil.java:275) ~[javafx.base:?]
	at javafx.fxml/com.sun.javafx.fxml.MethodHelper.invoke(MethodHelper.java:83) ~[javafx.fxml:?]
	at javafx.fxml/javafx.fxml.FXMLLoader$MethodHandler.invoke(FXMLLoader.java:1782) ~[javafx.fxml:?]
	at javafx.fxml/javafx.fxml.FXMLLoader$ControllerMethodEventHandler.handle(FXMLLoader.java:1670) ~[javafx.fxml:?]
	at javafx.base/com.sun.javafx.event.CompositeEventHandler.dispatchBubblingEvent(CompositeEventHandler.java:86) ~[javafx.base:?]
	at javafx.base/com.sun.javafx.event.EventHandlerManager.dispatchBubblingEvent(EventHandlerManager.java:238) ~[javafx.base:?]
	at javafx.base/com.sun.javafx.event.EventHandlerManager.dispatchBubblingEvent(EventHandlerManager.java:191) ~[javafx.base:?]
	at javafx.base/com.sun.javafx.event.CompositeEventDispatcher.dispatchBubblingEvent(CompositeEventDispatcher.java:59) ~[javafx.base:?]
	at javafx.base/com.sun.javafx.event.BasicEventDispatcher.dispatchEvent(BasicEventDispatcher.java:58) ~[javafx.base:?]
	at javafx.base/com.sun.javafx.event.EventDispatchChainImpl.dispatchEvent(EventDispatchChainImpl.java:114) ~[javafx.base:?]
	at javafx.base/com.sun.javafx.event.BasicEventDispatcher.dispatchEvent(BasicEventDispatcher.java:56) ~[javafx.base:?]
	at javafx.base/com.sun.javafx.event.EventDispatchChainImpl.dispatchEvent(EventDispatchChainImpl.java:114) ~[javafx.base:?]
	at javafx.base/com.sun.javafx.event.BasicEventDispatcher.dispatchEvent(BasicEventDispatcher.java:56) ~[javafx.base:?]
	at javafx.base/com.sun.javafx.event.EventDispatchChainImpl.dispatchEvent(EventDispatchChainImpl.java:114) ~[javafx.base:?]
	at javafx.base/com.sun.javafx.event.EventUtil.fireEventImpl(EventUtil.java:74) ~[javafx.base:?]
	at javafx.base/com.sun.javafx.event.EventUtil.fireEvent(EventUtil.java:49) ~[javafx.base:?]
	at javafx.base/javafx.event.Event.fireEvent(Event.java:198) ~[javafx.base:?]
	at javafx.graphics/javafx.scene.Node.fireEvent(Node.java:8863) ~[javafx.graphics:?]
	at javafx.controls/javafx.scene.control.Button.fire(Button.java:200) ~[javafx.controls:?]
	at javafx.controls/com.sun.javafx.scene.control.behavior.ButtonBehavior.mouseReleased(ButtonBehavior.java:206) ~[javafx.controls:?]
	at javafx.controls/com.sun.javafx.scene.control.inputmap.InputMap.handle(InputMap.java:274) ~[javafx.controls:?]
	at javafx.base/com.sun.javafx.event.CompositeEventHandler$NormalEventHandlerRecord.handleBubblingEvent(CompositeEventHandler.java:218) ~[javafx.base:?]
	at javafx.base/com.sun.javafx.event.CompositeEventHandler.dispatchBubblingEvent(CompositeEventHandler.java:80) ~[javafx.base:?]
	at javafx.base/com.sun.javafx.event.EventHandlerManager.dispatchBubblingEvent(EventHandlerManager.java:238) ~[javafx.base:?]
	at javafx.base/com.sun.javafx.event.EventHandlerManager.dispatchBubblingEvent(EventHandlerManager.java:191) ~[javafx.base:?]
	at javafx.base/com.sun.javafx.event.CompositeEventDispatcher.dispatchBubblingEvent(CompositeEventDispatcher.java:59) ~[javafx.base:?]
	at javafx.base/com.sun.javafx.event.BasicEventDispatcher.dispatchEvent(BasicEventDispatcher.java:58) ~[javafx.base:?]
	at javafx.base/com.sun.javafx.event.EventDispatchChainImpl.dispatchEvent(EventDispatchChainImpl.java:114) ~[javafx.base:?]
	at javafx.base/com.sun.javafx.event.BasicEventDispatcher.dispatchEvent(BasicEventDispatcher.java:56) ~[javafx.base:?]
	at javafx.base/com.sun.javafx.event.EventDispatchChainImpl.dispatchEvent(EventDispatchChainImpl.java:114) ~[javafx.base:?]
	at javafx.base/com.sun.javafx.event.BasicEventDispatcher.dispatchEvent(BasicEventDispatcher.java:56) ~[javafx.base:?]
	at javafx.base/com.sun.javafx.event.EventDispatchChainImpl.dispatchEvent(EventDispatchChainImpl.java:114) ~[javafx.base:?]
	at javafx.base/com.sun.javafx.event.EventUtil.fireEventImpl(EventUtil.java:74) ~[javafx.base:?]
	at javafx.base/com.sun.javafx.event.EventUtil.fireEvent(EventUtil.java:54) ~[javafx.base:?]
	at javafx.base/javafx.event.Event.fireEvent(Event.java:198) ~[javafx.base:?]
	at javafx.graphics/javafx.scene.Scene$MouseHandler.process(Scene.java:3876) ~[javafx.graphics:?]
	at javafx.graphics/javafx.scene.Scene$MouseHandler.access$1300(Scene.java:3604) ~[javafx.graphics:?]
	at javafx.graphics/javafx.scene.Scene.processMouseEvent(Scene.java:1874) ~[javafx.graphics:?]
	at javafx.graphics/javafx.scene.Scene$ScenePeerListener.mouseEvent(Scene.java:2613) ~[javafx.graphics:?]
	at javafx.graphics/com.sun.javafx.tk.quantum.GlassViewEventHandler$MouseEventNotification.run(GlassViewEventHandler.java:397) ~[javafx.graphics:?]
	at javafx.graphics/com.sun.javafx.tk.quantum.GlassViewEventHandler$MouseEventNotification.run(GlassViewEventHandler.java:295) ~[javafx.graphics:?]
	at java.base/java.security.AccessController.doPrivileged(Native Method) ~[?:?]
	at javafx.graphics/com.sun.javafx.tk.quantum.GlassViewEventHandler.lambda$handleMouseEvent$2(GlassViewEventHandler.java:434) ~[javafx.graphics:?]
	at javafx.graphics/com.sun.javafx.tk.quantum.QuantumToolkit.runWithoutRenderLock(QuantumToolkit.java:389) [javafx.graphics:?]
	at javafx.graphics/com.sun.javafx.tk.quantum.GlassViewEventHandler.handleMouseEvent(GlassViewEventHandler.java:433) [javafx.graphics:?]
	at javafx.graphics/com.sun.glass.ui.View.handleMouseEvent(View.java:556) [javafx.graphics:?]
	at javafx.graphics/com.sun.glass.ui.View.notifyMouse(View.java:942) [javafx.graphics:?]
	at javafx.graphics/com.sun.glass.ui.mac.MacView.notifyMouse(MacView.java:127) [javafx.graphics:?]
2018-09-14 19:58:57,075 ERROR com.klugesoftware.farmamanager.db.ImportazioniDAO [JavaFX Application Thread] ImportazioneDAO: Nuovo record importazione...
java.sql.SQLException: Non è stata trovato nessun record.
	at com.klugesoftware.farmamanager.db.ImportazioniDAO.findUltimoRecordInserito(ImportazioniDAO.java:152) ~[FarmaManagerApp/:?]
	at com.klugesoftware.farmamanager.db.ImportazioniDAOManager.findUltimoInsert(ImportazioniDAOManager.java:26) ~[FarmaManagerApp/:?]
	at com.klugesoftware.farmamanager.controller.HomeAnalisiDatiController.aggiornaMovimenti(HomeAnalisiDatiController.java:327) ~[FarmaManagerApp/:?]
	at com.klugesoftware.farmamanager.controller.HomeAnalisiDatiController.initialize(HomeAnalisiDatiController.java:292) ~[FarmaManagerApp/:?]
	at javafx.fxml/javafx.fxml.FXMLLoader.loadImpl(FXMLLoader.java:2573) ~[javafx.fxml:?]
	at javafx.fxml/javafx.fxml.FXMLLoader.loadImpl(FXMLLoader.java:2466) ~[javafx.fxml:?]
	at javafx.fxml/javafx.fxml.FXMLLoader.load(FXMLLoader.java:2435) ~[javafx.fxml:?]
	at com.klugesoftware.farmamanager.controller.SettingsController.listenerEsciButton(SettingsController.java:126) ~[FarmaManagerApp/:?]
	at java.base/jdk.internal.reflect.NativeMethodAccessorImpl.invoke0(Native Method) ~[?:?]
	at java.base/jdk.internal.reflect.NativeMethodAccessorImpl.invoke(NativeMethodAccessorImpl.java:62) ~[?:?]
	at java.base/jdk.internal.reflect.DelegatingMethodAccessorImpl.invoke(DelegatingMethodAccessorImpl.java:43) ~[?:?]
	at java.base/java.lang.reflect.Method.invoke(Method.java:564) ~[?:?]
	at com.sun.javafx.reflect.Trampoline.invoke(MethodUtil.java:76) ~[javafx.base:?]
	at jdk.internal.reflect.GeneratedMethodAccessor2.invoke(Unknown Source) ~[?:?]
	at java.base/jdk.internal.reflect.DelegatingMethodAccessorImpl.invoke(DelegatingMethodAccessorImpl.java:43) ~[?:?]
	at java.base/java.lang.reflect.Method.invoke(Method.java:564) ~[?:?]
	at javafx.base/com.sun.javafx.reflect.MethodUtil.invoke(MethodUtil.java:275) ~[javafx.base:?]
	at javafx.fxml/com.sun.javafx.fxml.MethodHelper.invoke(MethodHelper.java:83) ~[javafx.fxml:?]
	at javafx.fxml/javafx.fxml.FXMLLoader$MethodHandler.invoke(FXMLLoader.java:1782) ~[javafx.fxml:?]
	at javafx.fxml/javafx.fxml.FXMLLoader$ControllerMethodEventHandler.handle(FXMLLoader.java:1670) ~[javafx.fxml:?]
	at javafx.base/com.sun.javafx.event.CompositeEventHandler.dispatchBubblingEvent(CompositeEventHandler.java:86) ~[javafx.base:?]
	at javafx.base/com.sun.javafx.event.EventHandlerManager.dispatchBubblingEvent(EventHandlerManager.java:238) ~[javafx.base:?]
	at javafx.base/com.sun.javafx.event.EventHandlerManager.dispatchBubblingEvent(EventHandlerManager.java:191) ~[javafx.base:?]
	at javafx.base/com.sun.javafx.event.CompositeEventDispatcher.dispatchBubblingEvent(CompositeEventDispatcher.java:59) ~[javafx.base:?]
	at javafx.base/com.sun.javafx.event.BasicEventDispatcher.dispatchEvent(BasicEventDispatcher.java:58) ~[javafx.base:?]
	at javafx.base/com.sun.javafx.event.EventDispatchChainImpl.dispatchEvent(EventDispatchChainImpl.java:114) ~[javafx.base:?]
	at javafx.base/com.sun.javafx.event.BasicEventDispatcher.dispatchEvent(BasicEventDispatcher.java:56) ~[javafx.base:?]
	at javafx.base/com.sun.javafx.event.EventDispatchChainImpl.dispatchEvent(EventDispatchChainImpl.java:114) ~[javafx.base:?]
	at javafx.base/com.sun.javafx.event.BasicEventDispatcher.dispatchEvent(BasicEventDispatcher.java:56) ~[javafx.base:?]
	at javafx.base/com.sun.javafx.event.EventDispatchChainImpl.dispatchEvent(EventDispatchChainImpl.java:114) ~[javafx.base:?]
	at javafx.base/com.sun.javafx.event.EventUtil.fireEventImpl(EventUtil.java:74) ~[javafx.base:?]
	at javafx.base/com.sun.javafx.event.EventUtil.fireEvent(EventUtil.java:49) ~[javafx.base:?]
	at javafx.base/javafx.event.Event.fireEvent(Event.java:198) ~[javafx.base:?]
	at javafx.graphics/javafx.scene.Node.fireEvent(Node.java:8863) ~[javafx.graphics:?]
	at javafx.controls/javafx.scene.control.Button.fire(Button.java:200) ~[javafx.controls:?]
	at javafx.controls/com.sun.javafx.scene.control.behavior.ButtonBehavior.mouseReleased(ButtonBehavior.java:206) ~[javafx.controls:?]
	at javafx.controls/com.sun.javafx.scene.control.inputmap.InputMap.handle(InputMap.java:274) ~[javafx.controls:?]
	at javafx.base/com.sun.javafx.event.CompositeEventHandler$NormalEventHandlerRecord.handleBubblingEvent(CompositeEventHandler.java:218) ~[javafx.base:?]
	at javafx.base/com.sun.javafx.event.CompositeEventHandler.dispatchBubblingEvent(CompositeEventHandler.java:80) ~[javafx.base:?]
	at javafx.base/com.sun.javafx.event.EventHandlerManager.dispatchBubblingEvent(EventHandlerManager.java:238) ~[javafx.base:?]
	at javafx.base/com.sun.javafx.event.EventHandlerManager.dispatchBubblingEvent(EventHandlerManager.java:191) ~[javafx.base:?]
	at javafx.base/com.sun.javafx.event.CompositeEventDispatcher.dispatchBubblingEvent(CompositeEventDispatcher.java:59) ~[javafx.base:?]
	at javafx.base/com.sun.javafx.event.BasicEventDispatcher.dispatchEvent(BasicEventDispatcher.java:58) ~[javafx.base:?]
	at javafx.base/com.sun.javafx.event.EventDispatchChainImpl.dispatchEvent(EventDispatchChainImpl.java:114) ~[javafx.base:?]
	at javafx.base/com.sun.javafx.event.BasicEventDispatcher.dispatchEvent(BasicEventDispatcher.java:56) ~[javafx.base:?]
	at javafx.base/com.sun.javafx.event.EventDispatchChainImpl.dispatchEvent(EventDispatchChainImpl.java:114) ~[javafx.base:?]
	at javafx.base/com.sun.javafx.event.BasicEventDispatcher.dispatchEvent(BasicEventDispatcher.java:56) ~[javafx.base:?]
	at javafx.base/com.sun.javafx.event.EventDispatchChainImpl.dispatchEvent(EventDispatchChainImpl.java:114) ~[javafx.base:?]
	at javafx.base/com.sun.javafx.event.EventUtil.fireEventImpl(EventUtil.java:74) ~[javafx.base:?]
	at javafx.base/com.sun.javafx.event.EventUtil.fireEvent(EventUtil.java:54) ~[javafx.base:?]
	at javafx.base/javafx.event.Event.fireEvent(Event.java:198) ~[javafx.base:?]
	at javafx.graphics/javafx.scene.Scene$MouseHandler.process(Scene.java:3876) ~[javafx.graphics:?]
	at javafx.graphics/javafx.scene.Scene$MouseHandler.access$1300(Scene.java:3604) ~[javafx.graphics:?]
	at javafx.graphics/javafx.scene.Scene.processMouseEvent(Scene.java:1874) ~[javafx.graphics:?]
	at javafx.graphics/javafx.scene.Scene$ScenePeerListener.mouseEvent(Scene.java:2613) ~[javafx.graphics:?]
	at javafx.graphics/com.sun.javafx.tk.quantum.GlassViewEventHandler$MouseEventNotification.run(GlassViewEventHandler.java:397) ~[javafx.graphics:?]
	at javafx.graphics/com.sun.javafx.tk.quantum.GlassViewEventHandler$MouseEventNotification.run(GlassViewEventHandler.java:295) ~[javafx.graphics:?]
	at java.base/java.security.AccessController.doPrivileged(Native Method) ~[?:?]
	at javafx.graphics/com.sun.javafx.tk.quantum.GlassViewEventHandler.lambda$handleMouseEvent$2(GlassViewEventHandler.java:434) ~[javafx.graphics:?]
	at javafx.graphics/com.sun.javafx.tk.quantum.QuantumToolkit.runWithoutRenderLock(QuantumToolkit.java:389) [javafx.graphics:?]
	at javafx.graphics/com.sun.javafx.tk.quantum.GlassViewEventHandler.handleMouseEvent(GlassViewEventHandler.java:433) [javafx.graphics:?]
	at javafx.graphics/com.sun.glass.ui.View.handleMouseEvent(View.java:556) [javafx.graphics:?]
	at javafx.graphics/com.sun.glass.ui.View.notifyMouse(View.java:942) [javafx.graphics:?]
	at javafx.graphics/com.sun.glass.ui.mac.MacView.notifyMouse(MacView.java:127) [javafx.graphics:?]
